{"meta": {"format": 3, "version": "7.10.7", "timestamp": "2025-10-07T18:25:29.206941", "branch_coverage": false, "show_contexts": false}, "files": {"core/__init__.py": {"executed_lines": [1, 8, 9, 10, 13, 15, 16, 24, 25], "summary": {"covered_lines": 6, "num_statements": 6, "percent_covered": 100.0, "percent_covered_display": "100", "missing_lines": 0, "excluded_lines": 2}, "missing_lines": [], "excluded_lines": [8, 9], "functions": {"": {"executed_lines": [1, 8, 9, 10, 13, 15, 16, 24, 25], "summary": {"covered_lines": 6, "num_statements": 6, "percent_covered": 100.0, "percent_covered_display": "100", "missing_lines": 0, "excluded_lines": 2}, "missing_lines": [], "excluded_lines": [8, 9]}}, "classes": {"": {"executed_lines": [1, 8, 9, 10, 13, 15, 16, 24, 25], "summary": {"covered_lines": 6, "num_statements": 6, "percent_covered": 100.0, "percent_covered_display": "100", "missing_lines": 0, "excluded_lines": 2}, "missing_lines": [], "excluded_lines": [8, 9]}}}, "core/config.py": {"executed_lines": [1, 8, 9, 10, 11, 12, 13, 14, 16, 18, 21, 22, 24, 25, 26, 27, 30, 31, 33, 34, 35, 36, 37, 40, 41, 42, 44, 45, 46, 47, 48, 49, 50, 51, 52, 53, 56, 57, 72, 106, 113, 159, 175, 182, 183, 192, 193, 194, 196, 197, 198, 199, 200, 201, 202, 203, 206, 207, 221, 255, 262, 299, 300, 306, 307, 308, 310, 311, 312, 313, 314, 315, 316, 317, 318, 319, 320, 321, 324, 325, 326, 328, 329, 330, 331, 332, 333, 336, 337, 338, 340, 341, 342, 343, 344, 345, 346, 347, 348, 351, 352, 353, 354, 355, 356, 359, 360, 361, 363, 364, 365, 366, 367, 368, 369, 370, 371, 372, 373, 376, 377, 380, 381, 382, 385, 386, 387, 389, 390, 391, 392, 393, 394, 397, 398, 399, 400, 403, 404, 405, 407, 408, 409, 412, 413, 416, 417, 418, 421, 422, 423, 426, 427, 428, 429, 430, 431, 434, 435, 436, 438, 439, 440, 441, 442, 445, 446, 447, 448, 451, 452, 453, 456, 457, 458, 474, 564, 596, 603, 650, 693, 709, 752, 753, 754, 757, 758, 759, 760, 761, 762, 763, 764, 765, 768, 769, 770, 771, 772, 773, 776, 777, 778, 781, 782, 783, 784, 787, 788, 789, 791, 794, 795, 796, 799, 800, 801, 802, 803, 804, 805, 806, 807, 808, 811, 813, 816, 818, 820, 822, 823, 841, 842, 892, 901, 902, 954, 988, 1021, 1024, 1032, 1039], "summary": {"covered_lines": 229, "num_statements": 495, "percent_covered": 46.26262626262626, "percent_covered_display": "46", "missing_lines": 266, "excluded_lines": 0}, "missing_lines": [74, 76, 82, 83, 97, 98, 100, 103, 104, 108, 111, 115, 118, 119, 125, 126, 127, 128, 133, 134, 139, 140, 142, 143, 154, 155, 157, 161, 162, 164, 165, 166, 167, 169, 170, 171, 172, 173, 177, 178, 179, 180, 185, 186, 189, 223, 225, 230, 231, 244, 245, 246, 252, 253, 257, 260, 264, 267, 268, 274, 275, 276, 277, 281, 282, 294, 295, 297, 302, 303, 477, 480, 481, 485, 486, 500, 501, 503, 506, 507, 511, 512, 526, 527, 529, 532, 533, 535, 536, 542, 543, 544, 545, 546, 547, 550, 551, 566, 568, 570, 573, 574, 575, 576, 577, 580, 581, 582, 583, 584, 587, 588, 589, 590, 591, 593, 594, 598, 601, 605, 608, 609, 615, 616, 617, 618, 623, 624, 629, 630, 632, 633, 645, 646, 648, 652, 655, 656, 662, 663, 664, 665, 668, 669, 670, 671, 675, 676, 688, 689, 691, 695, 696, 698, 699, 700, 701, 703, 704, 705, 706, 707, 711, 714, 715, 720, 721, 726, 727, 732, 733, 734, 735, 736, 739, 740, 745, 746, 825, 827, 828, 830, 831, 832, 834, 836, 837, 838, 839, 844, 847, 850, 851, 856, 857, 858, 861, 864, 867, 872, 873, 874, 877, 882, 883, 886, 890, 894, 895, 896, 899, 904, 907, 908, 909, 910, 911, 912, 915, 916, 917, 918, 919, 920, 921, 922, 923, 924, 925, 926, 929, 930, 934, 935, 936, 937, 940, 949, 950, 952, 956, 990, 993, 994, 995, 996, 997, 998, 1001, 1002, 1003, 1004, 1007, 1008, 1009, 1010, 1014, 1015, 1027, 1028, 1029, 1035, 1036, 1041, 1042, 1043], "excluded_lines": [], "functions": {"DatabaseConfig.__post_init__": {"executed_lines": [], "summary": {"covered_lines": 0, "num_statements": 9, "percent_covered": 0.0, "percent_covered_display": "0", "missing_lines": 9, "excluded_lines": 0}, "missing_lines": [74, 76, 82, 83, 97, 98, 100, 103, 104], "excluded_lines": []}, "DatabaseConfig._is_production_mode": {"executed_lines": [], "summary": {"covered_lines": 0, "num_statements": 2, "percent_covered": 0.0, "percent_covered_display": "0", "missing_lines": 2, "excluded_lines": 0}, "missing_lines": [108, 111], "excluded_lines": []}, "DatabaseConfig._validate_password": {"executed_lines": [], "summary": {"covered_lines": 0, "num_statements": 16, "percent_covered": 0.0, "percent_covered_display": "0", "missing_lines": 16, "excluded_lines": 0}, "missing_lines": [115, 118, 119, 125, 126, 127, 128, 133, 134, 139, 140, 142, 143, 154, 155, 157], "excluded_lines": []}, "DatabaseConfig._has_sequential_chars": {"executed_lines": [], "summary": {"covered_lines": 0, "num_statements": 11, "percent_covered": 0.0, "percent_covered_display": "0", "missing_lines": 11, "excluded_lines": 0}, "missing_lines": [161, 162, 164, 165, 166, 167, 169, 170, 171, 172, 173], "excluded_lines": []}, "DatabaseConfig._has_repeated_chars": {"executed_lines": [], "summary": {"covered_lines": 0, "num_statements": 4, "percent_covered": 0.0, "percent_covered_display": "0", "missing_lines": 4, "excluded_lines": 0}, "missing_lines": [177, 178, 179, 180], "excluded_lines": []}, "DatabaseConfig.url": {"executed_lines": [], "summary": {"covered_lines": 0, "num_statements": 3, "percent_covered": 0.0, "percent_covered_display": "0", "missing_lines": 3, "excluded_lines": 0}, "missing_lines": [185, 186, 189], "excluded_lines": []}, "RedisConfig.__post_init__": {"executed_lines": [], "summary": {"covered_lines": 0, "num_statements": 9, "percent_covered": 0.0, "percent_covered_display": "0", "missing_lines": 9, "excluded_lines": 0}, "missing_lines": [223, 225, 230, 231, 244, 245, 246, 252, 253], "excluded_lines": []}, "RedisConfig._is_production_mode": {"executed_lines": [], "summary": {"covered_lines": 0, "num_statements": 2, "percent_covered": 0.0, "percent_covered_display": "0", "missing_lines": 2, "excluded_lines": 0}, "missing_lines": [257, 260], "excluded_lines": []}, "RedisConfig._validate_password": {"executed_lines": [], "summary": {"covered_lines": 0, "num_statements": 12, "percent_covered": 0.0, "percent_covered_display": "0", "missing_lines": 12, "excluded_lines": 0}, "missing_lines": [264, 267, 268, 274, 275, 276, 277, 281, 282, 294, 295, 297], "excluded_lines": []}, "RedisConfig.url": {"executed_lines": [], "summary": {"covered_lines": 0, "num_statements": 2, "percent_covered": 0.0, "percent_covered_display": "0", "missing_lines": 2, "excluded_lines": 0}, "missing_lines": [302, 303], "excluded_lines": []}, "SecurityConfig.__post_init__": {"executed_lines": [], "summary": {"covered_lines": 0, "num_statements": 27, "percent_covered": 0.0, "percent_covered_display": "0", "missing_lines": 27, "excluded_lines": 0}, "missing_lines": [477, 480, 481, 485, 486, 500, 501, 503, 506, 507, 511, 512, 526, 527, 529, 532, 533, 535, 536, 542, 543, 544, 545, 546, 547, 550, 551], "excluded_lines": []}, "SecurityConfig._load_from_secrets_manager": {"executed_lines": [], "summary": {"covered_lines": 0, "num_statements": 20, "percent_covered": 0.0, "percent_covered_display": "0", "missing_lines": 20, "excluded_lines": 0}, "missing_lines": [566, 568, 570, 573, 574, 575, 576, 577, 580, 581, 582, 583, 584, 587, 588, 589, 590, 591, 593, 594], "excluded_lines": []}, "SecurityConfig._is_production_mode": {"executed_lines": [], "summary": {"covered_lines": 0, "num_statements": 2, "percent_covered": 0.0, "percent_covered_display": "0", "missing_lines": 2, "excluded_lines": 0}, "missing_lines": [598, 601], "excluded_lines": []}, "SecurityConfig._validate_secret": {"executed_lines": [], "summary": {"covered_lines": 0, "num_statements": 16, "percent_covered": 0.0, "percent_covered_display": "0", "missing_lines": 16, "excluded_lines": 0}, "missing_lines": [605, 608, 609, 615, 616, 617, 618, 623, 624, 629, 630, 632, 633, 645, 646, 648], "excluded_lines": []}, "SecurityConfig._validate_api_key": {"executed_lines": [], "summary": {"covered_lines": 0, "num_statements": 16, "percent_covered": 0.0, "percent_covered_display": "0", "missing_lines": 16, "excluded_lines": 0}, "missing_lines": [652, 655, 656, 662, 663, 664, 665, 668, 669, 670, 671, 675, 676, 688, 689, 691], "excluded_lines": []}, "SecurityConfig._has_sequential_chars": {"executed_lines": [], "summary": {"covered_lines": 0, "num_statements": 11, "percent_covered": 0.0, "percent_covered_display": "0", "missing_lines": 11, "excluded_lines": 0}, "missing_lines": [695, 696, 698, 699, 700, 701, 703, 704, 705, 706, 707], "excluded_lines": []}, "SecurityConfig.validate": {"executed_lines": [], "summary": {"covered_lines": 0, "num_statements": 16, "percent_covered": 0.0, "percent_covered_display": "0", "missing_lines": 16, "excluded_lines": 0}, "missing_lines": [711, 714, 715, 720, 721, 726, 727, 732, 733, 734, 735, 736, 739, 740, 745, 746], "excluded_lines": []}, "Config.load_from_file": {"executed_lines": [], "summary": {"covered_lines": 0, "num_statements": 11, "percent_covered": 0.0, "percent_covered_display": "0", "missing_lines": 11, "excluded_lines": 0}, "missing_lines": [825, 827, 828, 830, 831, 832, 834, 836, 837, 838, 839], "excluded_lines": []}, "Config.load_from_env": {"executed_lines": [], "summary": {"covered_lines": 0, "num_statements": 18, "percent_covered": 0.0, "percent_covered_display": "0", "missing_lines": 18, "excluded_lines": 0}, "missing_lines": [844, 847, 850, 851, 856, 857, 858, 861, 864, 867, 872, 873, 874, 877, 882, 883, 886, 890], "excluded_lines": []}, "Config.validate_device": {"executed_lines": [], "summary": {"covered_lines": 0, "num_statements": 4, "percent_covered": 0.0, "percent_covered_display": "0", "missing_lines": 4, "excluded_lines": 0}, "missing_lines": [894, 895, 896, 899], "excluded_lines": []}, "Config._from_dict": {"executed_lines": [], "summary": {"covered_lines": 0, "num_statements": 29, "percent_covered": 0.0, "percent_covered_display": "0", "missing_lines": 29, "excluded_lines": 0}, "missing_lines": [904, 907, 908, 909, 910, 911, 912, 915, 916, 917, 918, 919, 920, 921, 922, 923, 924, 925, 926, 929, 930, 934, 935, 936, 937, 940, 949, 950, 952], "excluded_lines": []}, "Config.to_dict": {"executed_lines": [], "summary": {"covered_lines": 0, "num_statements": 1, "percent_covered": 0.0, "percent_covered_display": "0", "missing_lines": 1, "excluded_lines": 0}, "missing_lines": [956], "excluded_lines": []}, "Config.validate": {"executed_lines": [], "summary": {"covered_lines": 0, "num_statements": 17, "percent_covered": 0.0, "percent_covered_display": "0", "missing_lines": 17, "excluded_lines": 0}, "missing_lines": [990, 993, 994, 995, 996, 997, 998, 1001, 1002, 1003, 1004, 1007, 1008, 1009, 1010, 1014, 1015], "excluded_lines": []}, "get_config": {"executed_lines": [], "summary": {"covered_lines": 0, "num_statements": 3, "percent_covered": 0.0, "percent_covered_display": "0", "missing_lines": 3, "excluded_lines": 0}, "missing_lines": [1027, 1028, 1029], "excluded_lines": []}, "set_config": {"executed_lines": [], "summary": {"covered_lines": 0, "num_statements": 2, "percent_covered": 0.0, "percent_covered_display": "0", "missing_lines": 2, "excluded_lines": 0}, "missing_lines": [1035, 1036], "excluded_lines": []}, "load_config": {"executed_lines": [], "summary": {"covered_lines": 0, "num_statements": 3, "percent_covered": 0.0, "percent_covered_display": "0", "missing_lines": 3, "excluded_lines": 0}, "missing_lines": [1041, 1042, 1043], "excluded_lines": []}, "": {"executed_lines": [1, 8, 9, 10, 11, 12, 13, 14, 16, 18, 21, 22, 24, 25, 26, 27, 30, 31, 33, 34, 35, 36, 37, 40, 41, 42, 44, 45, 46, 47, 48, 49, 50, 51, 52, 53, 56, 57, 72, 106, 113, 159, 175, 182, 183, 192, 193, 194, 196, 197, 198, 199, 200, 201, 202, 203, 206, 207, 221, 255, 262, 299, 300, 306, 307, 308, 310, 311, 312, 313, 314, 315, 316, 317, 318, 319, 320, 321, 324, 325, 326, 328, 329, 330, 331, 332, 333, 336, 337, 338, 340, 341, 342, 343, 344, 345, 346, 347, 348, 351, 352, 353, 354, 355, 356, 359, 360, 361, 363, 364, 365, 366, 367, 368, 369, 370, 371, 372, 373, 376, 377, 380, 381, 382, 385, 386, 387, 389, 390, 391, 392, 393, 394, 397, 398, 399, 400, 403, 404, 405, 407, 408, 409, 412, 413, 416, 417, 418, 421, 422, 423, 426, 427, 428, 429, 430, 431, 434, 435, 436, 438, 439, 440, 441, 442, 445, 446, 447, 448, 451, 452, 453, 456, 457, 458, 474, 564, 596, 603, 650, 693, 709, 752, 753, 754, 757, 758, 759, 760, 761, 762, 763, 764, 765, 768, 769, 770, 771, 772, 773, 776, 777, 778, 781, 782, 783, 784, 787, 788, 789, 791, 794, 795, 796, 799, 800, 801, 802, 803, 804, 805, 806, 807, 808, 811, 813, 816, 818, 820, 822, 823, 841, 842, 892, 901, 902, 954, 988, 1021, 1024, 1032, 1039], "summary": {"covered_lines": 229, "num_statements": 229, "percent_covered": 100.0, "percent_covered_display": "100", "missing_lines": 0, "excluded_lines": 0}, "missing_lines": [], "excluded_lines": []}}, "classes": {"Environment": {"executed_lines": [], "summary": {"covered_lines": 0, "num_statements": 0, "percent_covered": 100.0, "percent_covered_display": "100", "missing_lines": 0, "excluded_lines": 0}, "missing_lines": [], "excluded_lines": []}, "LogLevel": {"executed_lines": [], "summary": {"covered_lines": 0, "num_statements": 0, "percent_covered": 100.0, "percent_covered_display": "100", "missing_lines": 0, "excluded_lines": 0}, "missing_lines": [], "excluded_lines": []}, "DatabaseConfig": {"executed_lines": [], "summary": {"covered_lines": 0, "num_statements": 45, "percent_covered": 0.0, "percent_covered_display": "0", "missing_lines": 45, "excluded_lines": 0}, "missing_lines": [74, 76, 82, 83, 97, 98, 100, 103, 104, 108, 111, 115, 118, 119, 125, 126, 127, 128, 133, 134, 139, 140, 142, 143, 154, 155, 157, 161, 162, 164, 165, 166, 167, 169, 170, 171, 172, 173, 177, 178, 179, 180, 185, 186, 189], "excluded_lines": []}, "RedisConfig": {"executed_lines": [], "summary": {"covered_lines": 0, "num_statements": 25, "percent_covered": 0.0, "percent_covered_display": "0", "missing_lines": 25, "excluded_lines": 0}, "missing_lines": [223, 225, 230, 231, 244, 245, 246, 252, 253, 257, 260, 264, 267, 268, 274, 275, 276, 277, 281, 282, 294, 295, 297, 302, 303], "excluded_lines": []}, "KafkaConfig": {"executed_lines": [], "summary": {"covered_lines": 0, "num_statements": 0, "percent_covered": 100.0, "percent_covered_display": "100", "missing_lines": 0, "excluded_lines": 0}, "missing_lines": [], "excluded_lines": []}, "MLflowConfig": {"executed_lines": [], "summary": {"covered_lines": 0, "num_statements": 0, "percent_covered": 100.0, "percent_covered_display": "100", "missing_lines": 0, "excluded_lines": 0}, "missing_lines": [], "excluded_lines": []}, "ModelConfig": {"executed_lines": [], "summary": {"covered_lines": 0, "num_statements": 0, "percent_covered": 100.0, "percent_covered_display": "100", "missing_lines": 0, "excluded_lines": 0}, "missing_lines": [], "excluded_lines": []}, "TrainingConfig": {"executed_lines": [], "summary": {"covered_lines": 0, "num_statements": 0, "percent_covered": 100.0, "percent_covered_display": "100", "missing_lines": 0, "excluded_lines": 0}, "missing_lines": [], "excluded_lines": []}, "InferenceConfig": {"executed_lines": [], "summary": {"covered_lines": 0, "num_statements": 0, "percent_covered": 100.0, "percent_covered_display": "100", "missing_lines": 0, "excluded_lines": 0}, "missing_lines": [], "excluded_lines": []}, "MonitoringConfig": {"executed_lines": [], "summary": {"covered_lines": 0, "num_statements": 0, "percent_covered": 100.0, "percent_covered_display": "100", "missing_lines": 0, "excluded_lines": 0}, "missing_lines": [], "excluded_lines": []}, "SecurityConfig": {"executed_lines": [], "summary": {"covered_lines": 0, "num_statements": 108, "percent_covered": 0.0, "percent_covered_display": "0", "missing_lines": 108, "excluded_lines": 0}, "missing_lines": [477, 480, 481, 485, 486, 500, 501, 503, 506, 507, 511, 512, 526, 527, 529, 532, 533, 535, 536, 542, 543, 544, 545, 546, 547, 550, 551, 566, 568, 570, 573, 574, 575, 576, 577, 580, 581, 582, 583, 584, 587, 588, 589, 590, 591, 593, 594, 598, 601, 605, 608, 609, 615, 616, 617, 618, 623, 624, 629, 630, 632, 633, 645, 646, 648, 652, 655, 656, 662, 663, 664, 665, 668, 669, 670, 671, 675, 676, 688, 689, 691, 695, 696, 698, 699, 700, 701, 703, 704, 705, 706, 707, 711, 714, 715, 720, 721, 726, 727, 732, 733, 734, 735, 736, 739, 740, 745, 746], "excluded_lines": []}, "Config": {"executed_lines": [], "summary": {"covered_lines": 0, "num_statements": 80, "percent_covered": 0.0, "percent_covered_display": "0", "missing_lines": 80, "excluded_lines": 0}, "missing_lines": [825, 827, 828, 830, 831, 832, 834, 836, 837, 838, 839, 844, 847, 850, 851, 856, 857, 858, 861, 864, 867, 872, 873, 874, 877, 882, 883, 886, 890, 894, 895, 896, 899, 904, 907, 908, 909, 910, 911, 912, 915, 916, 917, 918, 919, 920, 921, 922, 923, 924, 925, 926, 929, 930, 934, 935, 936, 937, 940, 949, 950, 952, 956, 990, 993, 994, 995, 996, 997, 998, 1001, 1002, 1003, 1004, 1007, 1008, 1009, 1010, 1014, 1015], "excluded_lines": []}, "": {"executed_lines": [1, 8, 9, 10, 11, 12, 13, 14, 16, 18, 21, 22, 24, 25, 26, 27, 30, 31, 33, 34, 35, 36, 37, 40, 41, 42, 44, 45, 46, 47, 48, 49, 50, 51, 52, 53, 56, 57, 72, 106, 113, 159, 175, 182, 183, 192, 193, 194, 196, 197, 198, 199, 200, 201, 202, 203, 206, 207, 221, 255, 262, 299, 300, 306, 307, 308, 310, 311, 312, 313, 314, 315, 316, 317, 318, 319, 320, 321, 324, 325, 326, 328, 329, 330, 331, 332, 333, 336, 337, 338, 340, 341, 342, 343, 344, 345, 346, 347, 348, 351, 352, 353, 354, 355, 356, 359, 360, 361, 363, 364, 365, 366, 367, 368, 369, 370, 371, 372, 373, 376, 377, 380, 381, 382, 385, 386, 387, 389, 390, 391, 392, 393, 394, 397, 398, 399, 400, 403, 404, 405, 407, 408, 409, 412, 413, 416, 417, 418, 421, 422, 423, 426, 427, 428, 429, 430, 431, 434, 435, 436, 438, 439, 440, 441, 442, 445, 446, 447, 448, 451, 452, 453, 456, 457, 458, 474, 564, 596, 603, 650, 693, 709, 752, 753, 754, 757, 758, 759, 760, 761, 762, 763, 764, 765, 768, 769, 770, 771, 772, 773, 776, 777, 778, 781, 782, 783, 784, 787, 788, 789, 791, 794, 795, 796, 799, 800, 801, 802, 803, 804, 805, 806, 807, 808, 811, 813, 816, 818, 820, 822, 823, 841, 842, 892, 901, 902, 954, 988, 1021, 1024, 1032, 1039], "summary": {"covered_lines": 229, "num_statements": 237, "percent_covered": 96.62447257383967, "percent_covered_display": "97", "missing_lines": 8, "excluded_lines": 0}, "missing_lines": [1027, 1028, 1029, 1035, 1036, 1041, 1042, 1043], "excluded_lines": []}}}, "core/config_manager.py": {"executed_lines": [], "summary": {"covered_lines": 0, "num_statements": 388, "percent_covered": 0.0, "percent_covered_display": "0", "missing_lines": 388, "excluded_lines": 8}, "missing_lines": [6, 7, 8, 9, 10, 11, 12, 13, 14, 15, 16, 17, 18, 20, 23, 26, 27, 28, 29, 32, 35, 38, 41, 44, 45, 48, 49, 50, 51, 52, 53, 54, 55, 57, 58, 59, 62, 63, 66, 67, 68, 69, 70, 71, 72, 74, 75, 76, 79, 80, 83, 84, 85, 86, 87, 88, 89, 90, 91, 92, 95, 96, 97, 100, 101, 102, 103, 106, 107, 108, 109, 110, 113, 114, 116, 118, 121, 122, 126, 127, 128, 129, 132, 133, 134, 135, 138, 139, 140, 143, 144, 145, 147, 148, 149, 151, 153, 154, 156, 159, 160, 164, 165, 166, 169, 170, 171, 174, 175, 176, 179, 180, 181, 184, 185, 186, 187, 188, 191, 192, 196, 197, 198, 199, 200, 201, 204, 205, 206, 207, 208, 211, 212, 215, 216, 217, 219, 221, 222, 223, 227, 228, 229, 234, 235, 238, 239, 240, 241, 242, 243, 244, 245, 246, 247, 250, 251, 254, 255, 258, 259, 260, 261, 262, 263, 264, 267, 268, 269, 270, 271, 273, 275, 276, 277, 278, 279, 280, 281, 282, 283, 286, 289, 290, 291, 292, 293, 294, 297, 306, 312, 313, 315, 316, 318, 321, 324, 327, 330, 333, 335, 338, 340, 343, 344, 351, 352, 353, 354, 355, 358, 359, 360, 361, 362, 365, 366, 368, 370, 372, 373, 375, 376, 377, 378, 379, 380, 382, 386, 388, 389, 393, 395, 397, 400, 401, 402, 403, 405, 407, 410, 420, 421, 422, 423, 424, 425, 426, 428, 430, 431, 433, 435, 436, 439, 465, 466, 467, 468, 470, 471, 472, 474, 477, 478, 479, 480, 481, 482, 483, 484, 486, 489, 490, 492, 494, 496, 497, 501, 503, 504, 507, 509, 513, 517, 518, 523, 524, 526, 527, 532, 533, 534, 535, 537, 539, 541, 542, 545, 546, 548, 550, 551, 552, 554, 556, 558, 559, 560, 561, 562, 563, 565, 567, 569, 571, 572, 573, 574, 575, 577, 579, 580, 582, 583, 584, 585, 586, 587, 588, 589, 590, 592, 593, 595, 597, 599, 601, 602, 604, 606, 607, 608, 609, 610, 611, 613, 615, 617, 618, 620, 621, 623, 624, 627, 629, 631, 632, 633, 636, 637, 639, 643, 647, 650, 653, 654, 655, 658, 660, 663, 669, 670, 674, 677, 678, 679, 681, 684, 687, 688, 689, 690, 691, 692, 695, 697, 699], "excluded_lines": [703, 705, 725, 726, 728, 729, 730, 733], "functions": {"DatabaseConfig.__post_init__": {"executed_lines": [], "summary": {"covered_lines": 0, "num_statements": 2, "percent_covered": 0.0, "percent_covered_display": "0", "missing_lines": 2, "excluded_lines": 0}, "missing_lines": [58, 59], "excluded_lines": []}, "RedisConfig.__post_init__": {"executed_lines": [], "summary": {"covered_lines": 0, "num_statements": 2, "percent_covered": 0.0, "percent_covered_display": "0", "missing_lines": 2, "excluded_lines": 0}, "missing_lines": [75, 76], "excluded_lines": []}, "AIEngineConfig.__post_init__": {"executed_lines": [], "summary": {"covered_lines": 0, "num_statements": 1, "percent_covered": 0.0, "percent_covered_display": "0", "missing_lines": 1, "excluded_lines": 0}, "missing_lines": [118], "excluded_lines": []}, "PerformanceConfig.__post_init__": {"executed_lines": [], "summary": {"covered_lines": 0, "num_statements": 6, "percent_covered": 0.0, "percent_covered_display": "0", "missing_lines": 6, "excluded_lines": 0}, "missing_lines": [148, 149, 151, 153, 154, 156], "excluded_lines": []}, "SecurityConfig.__post_init__": {"executed_lines": [], "summary": {"covered_lines": 0, "num_statements": 6, "percent_covered": 0.0, "percent_covered_display": "0", "missing_lines": 6, "excluded_lines": 0}, "missing_lines": [221, 222, 223, 227, 228, 229], "excluded_lines": []}, "MainConfig.__post_init__": {"executed_lines": [], "summary": {"covered_lines": 0, "num_statements": 9, "percent_covered": 0.0, "percent_covered_display": "0", "missing_lines": 9, "excluded_lines": 0}, "missing_lines": [275, 276, 277, 278, 279, 280, 281, 282, 283], "excluded_lines": []}, "ConfigManager.__init__": {"executed_lines": [], "summary": {"covered_lines": 0, "num_statements": 6, "percent_covered": 0.0, "percent_covered_display": "0", "missing_lines": 6, "excluded_lines": 0}, "missing_lines": [290, 291, 292, 293, 294, 297], "excluded_lines": []}, "ConfigManager.load_config": {"executed_lines": [], "summary": {"covered_lines": 0, "num_statements": 12, "percent_covered": 0.0, "percent_covered_display": "0", "missing_lines": 12, "excluded_lines": 0}, "missing_lines": [312, 313, 315, 316, 318, 321, 324, 327, 330, 333, 335, 338], "excluded_lines": []}, "ConfigManager._auto_load_config": {"executed_lines": [], "summary": {"covered_lines": 0, "num_statements": 14, "percent_covered": 0.0, "percent_covered_display": "0", "missing_lines": 14, "excluded_lines": 0}, "missing_lines": [343, 344, 351, 352, 353, 354, 355, 358, 359, 360, 361, 362, 365, 366], "excluded_lines": []}, "ConfigManager._load_from_file": {"executed_lines": [], "summary": {"covered_lines": 0, "num_statements": 13, "percent_covered": 0.0, "percent_covered_display": "0", "missing_lines": 13, "excluded_lines": 0}, "missing_lines": [370, 372, 373, 375, 376, 377, 378, 379, 380, 382, 386, 388, 389], "excluded_lines": []}, "ConfigManager._load_from_dict": {"executed_lines": [], "summary": {"covered_lines": 0, "num_statements": 19, "percent_covered": 0.0, "percent_covered_display": "0", "missing_lines": 19, "excluded_lines": 0}, "missing_lines": [395, 397, 400, 401, 402, 403, 405, 407, 410, 420, 421, 422, 423, 424, 425, 426, 428, 430, 431], "excluded_lines": []}, "ConfigManager._apply_env_overrides": {"executed_lines": [], "summary": {"covered_lines": 0, "num_statements": 26, "percent_covered": 0.0, "percent_covered_display": "0", "missing_lines": 26, "excluded_lines": 0}, "missing_lines": [435, 436, 439, 465, 466, 467, 468, 470, 471, 472, 474, 477, 478, 479, 480, 481, 482, 483, 484, 486, 489, 490, 492, 494, 496, 497], "excluded_lines": []}, "ConfigManager._validate_config": {"executed_lines": [], "summary": {"covered_lines": 0, "num_statements": 16, "percent_covered": 0.0, "percent_covered_display": "0", "missing_lines": 16, "excluded_lines": 0}, "missing_lines": [503, 504, 507, 509, 513, 517, 518, 523, 524, 526, 527, 532, 533, 534, 535, 537], "excluded_lines": []}, "ConfigManager._calculate_config_hash": {"executed_lines": [], "summary": {"covered_lines": 0, "num_statements": 4, "percent_covered": 0.0, "percent_covered_display": "0", "missing_lines": 4, "excluded_lines": 0}, "missing_lines": [541, 542, 545, 546], "excluded_lines": []}, "ConfigManager.get_config": {"executed_lines": [], "summary": {"covered_lines": 0, "num_statements": 3, "percent_covered": 0.0, "percent_covered_display": "0", "missing_lines": 3, "excluded_lines": 0}, "missing_lines": [550, 551, 552], "excluded_lines": []}, "ConfigManager.reload_config": {"executed_lines": [], "summary": {"covered_lines": 0, "num_statements": 7, "percent_covered": 0.0, "percent_covered_display": "0", "missing_lines": 7, "excluded_lines": 0}, "missing_lines": [556, 558, 559, 560, 561, 562, 563], "excluded_lines": []}, "ConfigManager.add_config_watcher": {"executed_lines": [], "summary": {"covered_lines": 0, "num_statements": 1, "percent_covered": 0.0, "percent_covered_display": "0", "missing_lines": 1, "excluded_lines": 0}, "missing_lines": [567], "excluded_lines": []}, "ConfigManager._notify_watchers": {"executed_lines": [], "summary": {"covered_lines": 0, "num_statements": 5, "percent_covered": 0.0, "percent_covered_display": "0", "missing_lines": 5, "excluded_lines": 0}, "missing_lines": [571, 572, 573, 574, 575], "excluded_lines": []}, "ConfigManager.to_dict": {"executed_lines": [], "summary": {"covered_lines": 0, "num_statements": 4, "percent_covered": 0.0, "percent_covered_display": "0", "missing_lines": 4, "excluded_lines": 0}, "missing_lines": [579, 580, 582, 597], "excluded_lines": []}, "ConfigManager.to_dict.convert_dataclass": {"executed_lines": [], "summary": {"covered_lines": 0, "num_statements": 11, "percent_covered": 0.0, "percent_covered_display": "0", "missing_lines": 11, "excluded_lines": 0}, "missing_lines": [583, 584, 585, 586, 587, 588, 589, 590, 592, 593, 595], "excluded_lines": []}, "ConfigManager.save_config": {"executed_lines": [], "summary": {"covered_lines": 0, "num_statements": 13, "percent_covered": 0.0, "percent_covered_display": "0", "missing_lines": 13, "excluded_lines": 0}, "missing_lines": [601, 602, 604, 606, 607, 608, 609, 610, 611, 613, 615, 617, 618], "excluded_lines": []}, "ConfigManager.temporary_config": {"executed_lines": [], "summary": {"covered_lines": 0, "num_statements": 11, "percent_covered": 0.0, "percent_covered_display": "0", "missing_lines": 11, "excluded_lines": 0}, "missing_lines": [623, 624, 627, 629, 631, 632, 633, 636, 637, 639, 643], "excluded_lines": []}, "get_config_manager": {"executed_lines": [], "summary": {"covered_lines": 0, "num_statements": 3, "percent_covered": 0.0, "percent_covered_display": "0", "missing_lines": 3, "excluded_lines": 0}, "missing_lines": [653, 654, 655], "excluded_lines": []}, "get_config": {"executed_lines": [], "summary": {"covered_lines": 0, "num_statements": 1, "percent_covered": 0.0, "percent_covered_display": "0", "missing_lines": 1, "excluded_lines": 0}, "missing_lines": [660], "excluded_lines": []}, "load_config": {"executed_lines": [], "summary": {"covered_lines": 0, "num_statements": 2, "percent_covered": 0.0, "percent_covered_display": "0", "missing_lines": 2, "excluded_lines": 0}, "missing_lines": [669, 670], "excluded_lines": []}, "requires_config": {"executed_lines": [], "summary": {"covered_lines": 0, "num_statements": 2, "percent_covered": 0.0, "percent_covered_display": "0", "missing_lines": 2, "excluded_lines": 0}, "missing_lines": [677, 681], "excluded_lines": []}, "requires_config.wrapper": {"executed_lines": [], "summary": {"covered_lines": 0, "num_statements": 2, "percent_covered": 0.0, "percent_covered_display": "0", "missing_lines": 2, "excluded_lines": 0}, "missing_lines": [678, 679], "excluded_lines": []}, "config_section": {"executed_lines": [], "summary": {"covered_lines": 0, "num_statements": 2, "percent_covered": 0.0, "percent_covered_display": "0", "missing_lines": 2, "excluded_lines": 0}, "missing_lines": [687, 699], "excluded_lines": []}, "config_section.decorator": {"executed_lines": [], "summary": {"covered_lines": 0, "num_statements": 2, "percent_covered": 0.0, "percent_covered_display": "0", "missing_lines": 2, "excluded_lines": 0}, "missing_lines": [688, 697], "excluded_lines": []}, "config_section.decorator.wrapper": {"executed_lines": [], "summary": {"covered_lines": 0, "num_statements": 5, "percent_covered": 0.0, "percent_covered_display": "0", "missing_lines": 5, "excluded_lines": 0}, "missing_lines": [689, 690, 691, 692, 695], "excluded_lines": []}, "": {"executed_lines": [], "summary": {"covered_lines": 0, "num_statements": 178, "percent_covered": 0.0, "percent_covered_display": "0", "missing_lines": 178, "excluded_lines": 8}, "missing_lines": [6, 7, 8, 9, 10, 11, 12, 13, 14, 15, 16, 17, 18, 20, 23, 26, 27, 28, 29, 32, 35, 38, 41, 44, 45, 48, 49, 50, 51, 52, 53, 54, 55, 57, 62, 63, 66, 67, 68, 69, 70, 71, 72, 74, 79, 80, 83, 84, 85, 86, 87, 88, 89, 90, 91, 92, 95, 96, 97, 100, 101, 102, 103, 106, 107, 108, 109, 110, 113, 114, 116, 121, 122, 126, 127, 128, 129, 132, 133, 134, 135, 138, 139, 140, 143, 144, 145, 147, 159, 160, 164, 165, 166, 169, 170, 171, 174, 175, 176, 179, 180, 181, 184, 185, 186, 187, 188, 191, 192, 196, 197, 198, 199, 200, 201, 204, 205, 206, 207, 208, 211, 212, 215, 216, 217, 219, 234, 235, 238, 239, 240, 241, 242, 243, 244, 245, 246, 247, 250, 251, 254, 255, 258, 259, 260, 261, 262, 263, 264, 267, 268, 269, 270, 271, 273, 286, 289, 306, 340, 368, 393, 433, 501, 539, 548, 554, 565, 569, 577, 599, 620, 621, 647, 650, 658, 663, 674, 684], "excluded_lines": [703, 705, 725, 726, 728, 729, 730, 733]}}, "classes": {"Environment": {"executed_lines": [], "summary": {"covered_lines": 0, "num_statements": 0, "percent_covered": 100.0, "percent_covered_display": "100", "missing_lines": 0, "excluded_lines": 0}, "missing_lines": [], "excluded_lines": []}, "ConfigValidationError": {"executed_lines": [], "summary": {"covered_lines": 0, "num_statements": 0, "percent_covered": 100.0, "percent_covered_display": "100", "missing_lines": 0, "excluded_lines": 0}, "missing_lines": [], "excluded_lines": []}, "ConfigLoadError": {"executed_lines": [], "summary": {"covered_lines": 0, "num_statements": 0, "percent_covered": 100.0, "percent_covered_display": "100", "missing_lines": 0, "excluded_lines": 0}, "missing_lines": [], "excluded_lines": []}, "DatabaseConfig": {"executed_lines": [], "summary": {"covered_lines": 0, "num_statements": 2, "percent_covered": 0.0, "percent_covered_display": "0", "missing_lines": 2, "excluded_lines": 0}, "missing_lines": [58, 59], "excluded_lines": []}, "RedisConfig": {"executed_lines": [], "summary": {"covered_lines": 0, "num_statements": 2, "percent_covered": 0.0, "percent_covered_display": "0", "missing_lines": 2, "excluded_lines": 0}, "missing_lines": [75, 76], "excluded_lines": []}, "AIEngineConfig": {"executed_lines": [], "summary": {"covered_lines": 0, "num_statements": 1, "percent_covered": 0.0, "percent_covered_display": "0", "missing_lines": 1, "excluded_lines": 0}, "missing_lines": [118], "excluded_lines": []}, "PerformanceConfig": {"executed_lines": [], "summary": {"covered_lines": 0, "num_statements": 6, "percent_covered": 0.0, "percent_covered_display": "0", "missing_lines": 6, "excluded_lines": 0}, "missing_lines": [148, 149, 151, 153, 154, 156], "excluded_lines": []}, "MonitoringConfig": {"executed_lines": [], "summary": {"covered_lines": 0, "num_statements": 0, "percent_covered": 100.0, "percent_covered_display": "100", "missing_lines": 0, "excluded_lines": 0}, "missing_lines": [], "excluded_lines": []}, "SecurityConfig": {"executed_lines": [], "summary": {"covered_lines": 0, "num_statements": 6, "percent_covered": 0.0, "percent_covered_display": "0", "missing_lines": 6, "excluded_lines": 0}, "missing_lines": [221, 222, 223, 227, 228, 229], "excluded_lines": []}, "LoggingConfig": {"executed_lines": [], "summary": {"covered_lines": 0, "num_statements": 0, "percent_covered": 100.0, "percent_covered_display": "100", "missing_lines": 0, "excluded_lines": 0}, "missing_lines": [], "excluded_lines": []}, "MainConfig": {"executed_lines": [], "summary": {"covered_lines": 0, "num_statements": 9, "percent_covered": 0.0, "percent_covered_display": "0", "missing_lines": 9, "excluded_lines": 0}, "missing_lines": [275, 276, 277, 278, 279, 280, 281, 282, 283], "excluded_lines": []}, "ConfigManager": {"executed_lines": [], "summary": {"covered_lines": 0, "num_statements": 165, "percent_covered": 0.0, "percent_covered_display": "0", "missing_lines": 165, "excluded_lines": 0}, "missing_lines": [290, 291, 292, 293, 294, 297, 312, 313, 315, 316, 318, 321, 324, 327, 330, 333, 335, 338, 343, 344, 351, 352, 353, 354, 355, 358, 359, 360, 361, 362, 365, 366, 370, 372, 373, 375, 376, 377, 378, 379, 380, 382, 386, 388, 389, 395, 397, 400, 401, 402, 403, 405, 407, 410, 420, 421, 422, 423, 424, 425, 426, 428, 430, 431, 435, 436, 439, 465, 466, 467, 468, 470, 471, 472, 474, 477, 478, 479, 480, 481, 482, 483, 484, 486, 489, 490, 492, 494, 496, 497, 503, 504, 507, 509, 513, 517, 518, 523, 524, 526, 527, 532, 533, 534, 535, 537, 541, 542, 545, 546, 550, 551, 552, 556, 558, 559, 560, 561, 562, 563, 567, 571, 572, 573, 574, 575, 579, 580, 582, 583, 584, 585, 586, 587, 588, 589, 590, 592, 593, 595, 597, 601, 602, 604, 606, 607, 608, 609, 610, 611, 613, 615, 617, 618, 623, 624, 627, 629, 631, 632, 633, 636, 637, 639, 643], "excluded_lines": []}, "": {"executed_lines": [], "summary": {"covered_lines": 0, "num_statements": 197, "percent_covered": 0.0, "percent_covered_display": "0", "missing_lines": 197, "excluded_lines": 8}, "missing_lines": [6, 7, 8, 9, 10, 11, 12, 13, 14, 15, 16, 17, 18, 20, 23, 26, 27, 28, 29, 32, 35, 38, 41, 44, 45, 48, 49, 50, 51, 52, 53, 54, 55, 57, 62, 63, 66, 67, 68, 69, 70, 71, 72, 74, 79, 80, 83, 84, 85, 86, 87, 88, 89, 90, 91, 92, 95, 96, 97, 100, 101, 102, 103, 106, 107, 108, 109, 110, 113, 114, 116, 121, 122, 126, 127, 128, 129, 132, 133, 134, 135, 138, 139, 140, 143, 144, 145, 147, 159, 160, 164, 165, 166, 169, 170, 171, 174, 175, 176, 179, 180, 181, 184, 185, 186, 187, 188, 191, 192, 196, 197, 198, 199, 200, 201, 204, 205, 206, 207, 208, 211, 212, 215, 216, 217, 219, 234, 235, 238, 239, 240, 241, 242, 243, 244, 245, 246, 247, 250, 251, 254, 255, 258, 259, 260, 261, 262, 263, 264, 267, 268, 269, 270, 271, 273, 286, 289, 306, 340, 368, 393, 433, 501, 539, 548, 554, 565, 569, 577, 599, 620, 621, 647, 650, 653, 654, 655, 658, 660, 663, 669, 670, 674, 677, 678, 679, 681, 684, 687, 688, 689, 690, 691, 692, 695, 697, 699], "excluded_lines": [703, 705, 725, 726, 728, 729, 730, 733]}}}, "core/config_service.py": {"executed_lines": [], "summary": {"covered_lines": 0, "num_statements": 579, "percent_covered": 0.0, "percent_covered_display": "0", "missing_lines": 579, "excluded_lines": 5}, "missing_lines": [9, 10, 11, 12, 13, 14, 15, 16, 17, 18, 19, 20, 21, 22, 23, 25, 26, 27, 28, 29, 31, 32, 35, 38, 39, 40, 41, 44, 47, 48, 49, 50, 53, 56, 57, 58, 59, 60, 61, 64, 65, 68, 69, 70, 71, 72, 73, 74, 75, 76, 77, 80, 81, 84, 85, 86, 87, 88, 89, 90, 91, 94, 97, 98, 99, 101, 105, 107, 109, 111, 113, 116, 117, 118, 119, 120, 121, 122, 125, 126, 127, 128, 130, 131, 132, 134, 137, 140, 141, 142, 143, 144, 146, 148, 149, 151, 152, 153, 154, 156, 157, 158, 160, 162, 163, 164, 165, 166, 169, 172, 173, 174, 176, 178, 179, 181, 182, 183, 185, 187, 188, 190, 191, 192, 195, 198, 199, 200, 202, 206, 216, 220, 226, 233, 236, 237, 238, 239, 242, 243, 244, 246, 252, 253, 255, 257, 259, 261, 262, 263, 265, 266, 267, 268, 269, 270, 272, 274, 276, 277, 278, 279, 281, 283, 284, 286, 287, 288, 289, 290, 291, 293, 295, 297, 298, 300, 301, 303, 305, 307, 308, 309, 312, 313, 316, 317, 318, 319, 320, 322, 325, 326, 328, 330, 338, 339, 340, 343, 344, 347, 348, 349, 350, 353, 356, 359, 360, 361, 362, 364, 366, 367, 368, 370, 372, 373, 374, 377, 378, 381, 382, 383, 384, 387, 388, 391, 394, 395, 396, 397, 399, 401, 403, 404, 405, 407, 411, 413, 415, 416, 417, 418, 421, 422, 424, 425, 427, 429, 431, 433, 434, 436, 437, 439, 441, 443, 447, 449, 450, 451, 454, 455, 456, 459, 460, 462, 472, 473, 475, 477, 480, 483, 484, 485, 491, 493, 495, 497, 499, 500, 501, 505, 506, 509, 510, 511, 512, 514, 515, 516, 518, 526, 527, 530, 531, 533, 536, 540, 542, 543, 544, 546, 548, 549, 550, 553, 555, 556, 557, 559, 563, 564, 565, 567, 569, 578, 580, 581, 582, 585, 593, 595, 596, 599, 602, 605, 606, 609, 610, 613, 614, 617, 618, 621, 624, 625, 626, 628, 632, 634, 636, 637, 638, 639, 641, 643, 647, 648, 650, 659, 661, 662, 665, 666, 668, 671, 673, 676, 677, 678, 679, 680, 681, 683, 686, 687, 688, 689, 690, 692, 693, 695, 703, 706, 707, 708, 709, 710, 711, 712, 715, 718, 719, 721, 723, 724, 726, 729, 730, 731, 732, 734, 736, 737, 738, 740, 749, 751, 753, 754, 757, 760, 771, 773, 775, 778, 779, 780, 783, 785, 786, 788, 790, 791, 792, 794, 802, 804, 806, 808, 809, 812, 814, 816, 821, 822, 823, 826, 828, 829, 831, 833, 834, 835, 837, 841, 842, 843, 844, 845, 847, 851, 852, 854, 855, 857, 859, 860, 861, 863, 865, 866, 867, 869, 871, 872, 873, 874, 876, 878, 880, 881, 882, 883, 884, 885, 886, 887, 889, 891, 893, 894, 895, 896, 901, 902, 903, 905, 906, 907, 909, 919, 930, 931, 934, 935, 937, 941, 942, 945, 946, 949, 950, 952, 954, 956, 957, 958, 960, 962, 965, 966, 968, 970, 971, 975, 977, 979, 981, 983, 985, 987, 989, 991, 992, 994, 995, 996, 997, 998, 1000, 1001, 1003, 1005, 1009, 1010, 1012, 1019, 1020, 1022, 1024, 1025, 1026, 1027, 1029, 1030, 1031, 1032, 1033, 1034, 1036, 1038, 1040, 1042, 1043, 1045, 1046, 1048, 1049, 1051, 1063, 1066, 1070, 1071, 1074, 1075, 1076, 1077, 1079, 1082, 1084, 1087, 1090, 1091, 1092, 1096, 1098, 1099, 1100, 1101, 1104, 1106, 1107, 1108, 1109, 1112, 1114, 1115, 1116], "excluded_lines": [204, 214, 218, 224, 230], "functions": {"ConfigValidator.__init__": {"executed_lines": [], "summary": {"covered_lines": 0, "num_statements": 2, "percent_covered": 0.0, "percent_covered_display": "0", "missing_lines": 2, "excluded_lines": 0}, "missing_lines": [98, 99], "excluded_lines": []}, "ConfigValidator.register_validator": {"executed_lines": [], "summary": {"covered_lines": 0, "num_statements": 1, "percent_covered": 0.0, "percent_covered_display": "0", "missing_lines": 1, "excluded_lines": 0}, "missing_lines": [105], "excluded_lines": []}, "ConfigValidator.register_schema": {"executed_lines": [], "summary": {"covered_lines": 0, "num_statements": 1, "percent_covered": 0.0, "percent_covered_display": "0", "missing_lines": 1, "excluded_lines": 0}, "missing_lines": [109], "excluded_lines": []}, "ConfigValidator.validate": {"executed_lines": [], "summary": {"covered_lines": 0, "num_statements": 16, "percent_covered": 0.0, "percent_covered_display": "0", "missing_lines": 16, "excluded_lines": 0}, "missing_lines": [113, 116, 117, 118, 119, 120, 121, 122, 125, 126, 127, 128, 130, 131, 132, 134], "excluded_lines": []}, "ConfigWatcher.__init__": {"executed_lines": [], "summary": {"covered_lines": 0, "num_statements": 4, "percent_covered": 0.0, "percent_covered_display": "0", "missing_lines": 4, "excluded_lines": 0}, "missing_lines": [141, 142, 143, 144], "excluded_lines": []}, "ConfigWatcher.start_watching": {"executed_lines": [], "summary": {"covered_lines": 0, "num_statements": 9, "percent_covered": 0.0, "percent_covered_display": "0", "missing_lines": 9, "excluded_lines": 0}, "missing_lines": [148, 149, 151, 152, 153, 154, 156, 157, 158], "excluded_lines": []}, "ConfigWatcher.stop_watching": {"executed_lines": [], "summary": {"covered_lines": 0, "num_statements": 5, "percent_covered": 0.0, "percent_covered_display": "0", "missing_lines": 5, "excluded_lines": 0}, "missing_lines": [162, 163, 164, 165, 166], "excluded_lines": []}, "ConfigFileHandler.__init__": {"executed_lines": [], "summary": {"covered_lines": 0, "num_statements": 2, "percent_covered": 0.0, "percent_covered_display": "0", "missing_lines": 2, "excluded_lines": 0}, "missing_lines": [173, 174], "excluded_lines": []}, "ConfigFileHandler.on_modified": {"executed_lines": [], "summary": {"covered_lines": 0, "num_statements": 5, "percent_covered": 0.0, "percent_covered_display": "0", "missing_lines": 5, "excluded_lines": 0}, "missing_lines": [178, 179, 181, 182, 183], "excluded_lines": []}, "ConfigFileHandler.on_created": {"executed_lines": [], "summary": {"covered_lines": 0, "num_statements": 5, "percent_covered": 0.0, "percent_covered_display": "0", "missing_lines": 5, "excluded_lines": 0}, "missing_lines": [187, 188, 190, 191, 192], "excluded_lines": []}, "ConfigurationStore.__init__": {"executed_lines": [], "summary": {"covered_lines": 0, "num_statements": 2, "percent_covered": 0.0, "percent_covered_display": "0", "missing_lines": 2, "excluded_lines": 0}, "missing_lines": [199, 200], "excluded_lines": []}, "ConfigurationStore.get": {"executed_lines": [], "summary": {"covered_lines": 0, "num_statements": 0, "percent_covered": 100.0, "percent_covered_display": "100", "missing_lines": 0, "excluded_lines": 1}, "missing_lines": [], "excluded_lines": [204]}, "ConfigurationStore.set": {"executed_lines": [], "summary": {"covered_lines": 0, "num_statements": 0, "percent_covered": 100.0, "percent_covered_display": "100", "missing_lines": 0, "excluded_lines": 1}, "missing_lines": [], "excluded_lines": [214]}, "ConfigurationStore.delete": {"executed_lines": [], "summary": {"covered_lines": 0, "num_statements": 0, "percent_covered": 100.0, "percent_covered_display": "100", "missing_lines": 0, "excluded_lines": 1}, "missing_lines": [], "excluded_lines": [218]}, "ConfigurationStore.list_keys": {"executed_lines": [], "summary": {"covered_lines": 0, "num_statements": 0, "percent_covered": 100.0, "percent_covered_display": "100", "missing_lines": 0, "excluded_lines": 1}, "missing_lines": [], "excluded_lines": [224]}, "ConfigurationStore.get_metadata": {"executed_lines": [], "summary": {"covered_lines": 0, "num_statements": 0, "percent_covered": 100.0, "percent_covered_display": "100", "missing_lines": 0, "excluded_lines": 1}, "missing_lines": [], "excluded_lines": [230]}, "FileConfigurationStore.__init__": {"executed_lines": [], "summary": {"covered_lines": 0, "num_statements": 6, "percent_covered": 0.0, "percent_covered_display": "0", "missing_lines": 6, "excluded_lines": 0}, "missing_lines": [237, 238, 239, 242, 243, 244], "excluded_lines": []}, "FileConfigurationStore._get_file_path": {"executed_lines": [], "summary": {"covered_lines": 0, "num_statements": 2, "percent_covered": 0.0, "percent_covered_display": "0", "missing_lines": 2, "excluded_lines": 0}, "missing_lines": [252, 253], "excluded_lines": []}, "FileConfigurationStore._calculate_checksum": {"executed_lines": [], "summary": {"covered_lines": 0, "num_statements": 1, "percent_covered": 0.0, "percent_covered_display": "0", "missing_lines": 1, "excluded_lines": 0}, "missing_lines": [257], "excluded_lines": []}, "FileConfigurationStore._load_file": {"executed_lines": [], "summary": {"covered_lines": 0, "num_statements": 15, "percent_covered": 0.0, "percent_covered_display": "0", "missing_lines": 15, "excluded_lines": 0}, "missing_lines": [261, 262, 263, 265, 266, 267, 268, 269, 270, 272, 274, 276, 277, 278, 279], "excluded_lines": []}, "FileConfigurationStore._save_file": {"executed_lines": [], "summary": {"covered_lines": 0, "num_statements": 14, "percent_covered": 0.0, "percent_covered_display": "0", "missing_lines": 14, "excluded_lines": 0}, "missing_lines": [283, 284, 286, 287, 288, 289, 290, 291, 293, 295, 297, 298, 300, 301], "excluded_lines": []}, "FileConfigurationStore.get": {"executed_lines": [], "summary": {"covered_lines": 0, "num_statements": 15, "percent_covered": 0.0, "percent_covered_display": "0", "missing_lines": 15, "excluded_lines": 0}, "missing_lines": [305, 307, 308, 309, 312, 313, 316, 317, 318, 319, 320, 322, 325, 326, 328], "excluded_lines": []}, "FileConfigurationStore.set": {"executed_lines": [], "summary": {"covered_lines": 0, "num_statements": 19, "percent_covered": 0.0, "percent_covered_display": "0", "missing_lines": 19, "excluded_lines": 0}, "missing_lines": [338, 339, 340, 343, 344, 347, 348, 349, 350, 353, 356, 359, 360, 361, 362, 364, 366, 367, 368], "excluded_lines": []}, "FileConfigurationStore.delete": {"executed_lines": [], "summary": {"covered_lines": 0, "num_statements": 21, "percent_covered": 0.0, "percent_covered_display": "0", "missing_lines": 21, "excluded_lines": 0}, "missing_lines": [372, 373, 374, 377, 378, 381, 382, 383, 384, 387, 388, 391, 394, 395, 396, 397, 399, 401, 403, 404, 405], "excluded_lines": []}, "FileConfigurationStore.list_keys": {"executed_lines": [], "summary": {"covered_lines": 0, "num_statements": 11, "percent_covered": 0.0, "percent_covered_display": "0", "missing_lines": 11, "excluded_lines": 0}, "missing_lines": [411, 413, 415, 416, 417, 418, 421, 422, 424, 425, 427], "excluded_lines": []}, "FileConfigurationStore._flatten_keys": {"executed_lines": [], "summary": {"covered_lines": 0, "num_statements": 7, "percent_covered": 0.0, "percent_covered_display": "0", "missing_lines": 7, "excluded_lines": 0}, "missing_lines": [431, 433, 434, 436, 437, 439, 441], "excluded_lines": []}, "FileConfigurationStore.get_metadata": {"executed_lines": [], "summary": {"covered_lines": 0, "num_statements": 14, "percent_covered": 0.0, "percent_covered_display": "0", "missing_lines": 14, "excluded_lines": 0}, "missing_lines": [447, 449, 450, 451, 454, 455, 456, 459, 460, 462, 472, 473, 475, 477], "excluded_lines": []}, "EtcdConfigurationStore.__init__": {"executed_lines": [], "summary": {"covered_lines": 0, "num_statements": 3, "percent_covered": 0.0, "percent_covered_display": "0", "missing_lines": 3, "excluded_lines": 0}, "missing_lines": [484, 485, 491], "excluded_lines": []}, "EtcdConfigurationStore._get_key": {"executed_lines": [], "summary": {"covered_lines": 0, "num_statements": 1, "percent_covered": 0.0, "percent_covered_display": "0", "missing_lines": 1, "excluded_lines": 0}, "missing_lines": [495], "excluded_lines": []}, "EtcdConfigurationStore.get": {"executed_lines": [], "summary": {"covered_lines": 0, "num_statements": 12, "percent_covered": 0.0, "percent_covered_display": "0", "missing_lines": 12, "excluded_lines": 0}, "missing_lines": [499, 500, 501, 505, 506, 509, 510, 511, 512, 514, 515, 516], "excluded_lines": []}, "EtcdConfigurationStore.set": {"executed_lines": [], "summary": {"covered_lines": 0, "num_statements": 10, "percent_covered": 0.0, "percent_covered_display": "0", "missing_lines": 10, "excluded_lines": 0}, "missing_lines": [526, 527, 530, 531, 533, 536, 540, 542, 543, 544], "excluded_lines": []}, "EtcdConfigurationStore.delete": {"executed_lines": [], "summary": {"covered_lines": 0, "num_statements": 7, "percent_covered": 0.0, "percent_covered_display": "0", "missing_lines": 7, "excluded_lines": 0}, "missing_lines": [548, 549, 550, 553, 555, 556, 557], "excluded_lines": []}, "EtcdConfigurationStore.list_keys": {"executed_lines": [], "summary": {"covered_lines": 0, "num_statements": 9, "percent_covered": 0.0, "percent_covered_display": "0", "missing_lines": 9, "excluded_lines": 0}, "missing_lines": [563, 564, 565, 567, 569, 578, 580, 581, 582], "excluded_lines": []}, "ConfigurationService.__init__": {"executed_lines": [], "summary": {"covered_lines": 0, "num_statements": 17, "percent_covered": 0.0, "percent_covered_display": "0", "missing_lines": 17, "excluded_lines": 0}, "missing_lines": [595, 596, 599, 602, 605, 606, 609, 610, 613, 614, 617, 618, 621, 624, 625, 626, 628], "excluded_lines": []}, "ConfigurationService._create_store": {"executed_lines": [], "summary": {"covered_lines": 0, "num_statements": 6, "percent_covered": 0.0, "percent_covered_display": "0", "missing_lines": 6, "excluded_lines": 0}, "missing_lines": [634, 636, 637, 638, 639, 641], "excluded_lines": []}, "ConfigurationService._setup_default_validators": {"executed_lines": [], "summary": {"covered_lines": 0, "num_statements": 10, "percent_covered": 0.0, "percent_covered_display": "0", "missing_lines": 10, "excluded_lines": 0}, "missing_lines": [647, 661, 662, 665, 673, 676, 683, 686, 692, 693], "excluded_lines": []}, "ConfigurationService._setup_default_validators.validate_url": {"executed_lines": [], "summary": {"covered_lines": 0, "num_statements": 3, "percent_covered": 0.0, "percent_covered_display": "0", "missing_lines": 3, "excluded_lines": 0}, "missing_lines": [648, 650, 659], "excluded_lines": []}, "ConfigurationService._setup_default_validators.validate_email": {"executed_lines": [], "summary": {"covered_lines": 0, "num_statements": 3, "percent_covered": 0.0, "percent_covered_display": "0", "missing_lines": 3, "excluded_lines": 0}, "missing_lines": [666, 668, 671], "excluded_lines": []}, "ConfigurationService._setup_default_validators.validate_port": {"executed_lines": [], "summary": {"covered_lines": 0, "num_statements": 5, "percent_covered": 0.0, "percent_covered_display": "0", "missing_lines": 5, "excluded_lines": 0}, "missing_lines": [677, 678, 679, 680, 681], "excluded_lines": []}, "ConfigurationService._setup_default_validators.validate_positive_number": {"executed_lines": [], "summary": {"covered_lines": 0, "num_statements": 4, "percent_covered": 0.0, "percent_covered_display": "0", "missing_lines": 4, "excluded_lines": 0}, "missing_lines": [687, 688, 689, 690], "excluded_lines": []}, "ConfigurationService.get": {"executed_lines": [], "summary": {"covered_lines": 0, "num_statements": 23, "percent_covered": 0.0, "percent_covered_display": "0", "missing_lines": 23, "excluded_lines": 0}, "missing_lines": [703, 706, 707, 708, 709, 710, 711, 712, 715, 718, 719, 721, 723, 724, 726, 729, 730, 731, 732, 734, 736, 737, 738], "excluded_lines": []}, "ConfigurationService.set": {"executed_lines": [], "summary": {"covered_lines": 0, "num_statements": 19, "percent_covered": 0.0, "percent_covered_display": "0", "missing_lines": 19, "excluded_lines": 0}, "missing_lines": [749, 751, 753, 754, 757, 760, 771, 773, 775, 778, 779, 780, 783, 785, 786, 788, 790, 791, 792], "excluded_lines": []}, "ConfigurationService.delete": {"executed_lines": [], "summary": {"covered_lines": 0, "num_statements": 18, "percent_covered": 0.0, "percent_covered_display": "0", "missing_lines": 18, "excluded_lines": 0}, "missing_lines": [802, 804, 806, 808, 809, 812, 814, 816, 821, 822, 823, 826, 828, 829, 831, 833, 834, 835], "excluded_lines": []}, "ConfigurationService.list_keys": {"executed_lines": [], "summary": {"covered_lines": 0, "num_statements": 5, "percent_covered": 0.0, "percent_covered_display": "0", "missing_lines": 5, "excluded_lines": 0}, "missing_lines": [841, 842, 843, 844, 845], "excluded_lines": []}, "ConfigurationService.get_all": {"executed_lines": [], "summary": {"covered_lines": 0, "num_statements": 12, "percent_covered": 0.0, "percent_covered_display": "0", "missing_lines": 12, "excluded_lines": 0}, "missing_lines": [851, 852, 854, 855, 857, 859, 860, 861, 863, 865, 866, 867], "excluded_lines": []}, "ConfigurationService.watch": {"executed_lines": [], "summary": {"covered_lines": 0, "num_statements": 5, "percent_covered": 0.0, "percent_covered_display": "0", "missing_lines": 5, "excluded_lines": 0}, "missing_lines": [871, 872, 873, 874, 876], "excluded_lines": []}, "ConfigurationService.unwatch": {"executed_lines": [], "summary": {"covered_lines": 0, "num_statements": 8, "percent_covered": 0.0, "percent_covered_display": "0", "missing_lines": 8, "excluded_lines": 0}, "missing_lines": [880, 881, 882, 883, 884, 885, 886, 887], "excluded_lines": []}, "ConfigurationService._notify_watchers": {"executed_lines": [], "summary": {"covered_lines": 0, "num_statements": 11, "percent_covered": 0.0, "percent_covered_display": "0", "missing_lines": 11, "excluded_lines": 0}, "missing_lines": [891, 893, 894, 895, 896, 901, 902, 903, 905, 906, 907], "excluded_lines": []}, "ConfigurationService._record_change": {"executed_lines": [], "summary": {"covered_lines": 0, "num_statements": 5, "percent_covered": 0.0, "percent_covered_display": "0", "missing_lines": 5, "excluded_lines": 0}, "missing_lines": [919, 930, 931, 934, 935], "excluded_lines": []}, "ConfigurationService.get_change_history": {"executed_lines": [], "summary": {"covered_lines": 0, "num_statements": 6, "percent_covered": 0.0, "percent_covered_display": "0", "missing_lines": 6, "excluded_lines": 0}, "missing_lines": [941, 942, 945, 946, 949, 950], "excluded_lines": []}, "ConfigurationService.reload_file": {"executed_lines": [], "summary": {"covered_lines": 0, "num_statements": 11, "percent_covered": 0.0, "percent_covered_display": "0", "missing_lines": 11, "excluded_lines": 0}, "missing_lines": [954, 956, 957, 958, 960, 962, 965, 966, 968, 970, 971], "excluded_lines": []}, "ConfigurationService.load_file": {"executed_lines": [], "summary": {"covered_lines": 0, "num_statements": 1, "percent_covered": 0.0, "percent_covered_display": "0", "missing_lines": 1, "excluded_lines": 0}, "missing_lines": [977], "excluded_lines": []}, "ConfigurationService.start_file_watching": {"executed_lines": [], "summary": {"covered_lines": 0, "num_statements": 1, "percent_covered": 0.0, "percent_covered_display": "0", "missing_lines": 1, "excluded_lines": 0}, "missing_lines": [981], "excluded_lines": []}, "ConfigurationService.stop_file_watching": {"executed_lines": [], "summary": {"covered_lines": 0, "num_statements": 1, "percent_covered": 0.0, "percent_covered_display": "0", "missing_lines": 1, "excluded_lines": 0}, "missing_lines": [985], "excluded_lines": []}, "ConfigurationService.validate_all": {"executed_lines": [], "summary": {"covered_lines": 0, "num_statements": 11, "percent_covered": 0.0, "percent_covered_display": "0", "missing_lines": 11, "excluded_lines": 0}, "missing_lines": [989, 991, 992, 994, 995, 996, 997, 998, 1000, 1001, 1003], "excluded_lines": []}, "ConfigurationService.get_metadata": {"executed_lines": [], "summary": {"covered_lines": 0, "num_statements": 2, "percent_covered": 0.0, "percent_covered_display": "0", "missing_lines": 2, "excluded_lines": 0}, "missing_lines": [1009, 1010], "excluded_lines": []}, "ConfigurationService.export_config": {"executed_lines": [], "summary": {"covered_lines": 0, "num_statements": 15, "percent_covered": 0.0, "percent_covered_display": "0", "missing_lines": 15, "excluded_lines": 0}, "missing_lines": [1019, 1020, 1022, 1024, 1025, 1026, 1027, 1029, 1030, 1031, 1032, 1033, 1034, 1036, 1038], "excluded_lines": []}, "ConfigurationService.get_statistics": {"executed_lines": [], "summary": {"covered_lines": 0, "num_statements": 7, "percent_covered": 0.0, "percent_covered_display": "0", "missing_lines": 7, "excluded_lines": 0}, "missing_lines": [1042, 1043, 1045, 1046, 1048, 1049, 1051], "excluded_lines": []}, "initialize_config_service": {"executed_lines": [], "summary": {"covered_lines": 0, "num_statements": 7, "percent_covered": 0.0, "percent_covered_display": "0", "missing_lines": 7, "excluded_lines": 0}, "missing_lines": [1070, 1071, 1074, 1075, 1076, 1077, 1079], "excluded_lines": []}, "get_config_service": {"executed_lines": [], "summary": {"covered_lines": 0, "num_statements": 1, "percent_covered": 0.0, "percent_covered_display": "0", "missing_lines": 1, "excluded_lines": 0}, "missing_lines": [1084], "excluded_lines": []}, "shutdown_config_service": {"executed_lines": [], "summary": {"covered_lines": 0, "num_statements": 3, "percent_covered": 0.0, "percent_covered_display": "0", "missing_lines": 3, "excluded_lines": 0}, "missing_lines": [1090, 1091, 1092], "excluded_lines": []}, "get_config": {"executed_lines": [], "summary": {"covered_lines": 0, "num_statements": 4, "percent_covered": 0.0, "percent_covered_display": "0", "missing_lines": 4, "excluded_lines": 0}, "missing_lines": [1098, 1099, 1100, 1101], "excluded_lines": []}, "set_config": {"executed_lines": [], "summary": {"covered_lines": 0, "num_statements": 4, "percent_covered": 0.0, "percent_covered_display": "0", "missing_lines": 4, "excluded_lines": 0}, "missing_lines": [1106, 1107, 1108, 1109], "excluded_lines": []}, "watch_config": {"executed_lines": [], "summary": {"covered_lines": 0, "num_statements": 3, "percent_covered": 0.0, "percent_covered_display": "0", "missing_lines": 3, "excluded_lines": 0}, "missing_lines": [1114, 1115, 1116], "excluded_lines": []}, "": {"executed_lines": [], "summary": {"covered_lines": 0, "num_statements": 129, "percent_covered": 0.0, "percent_covered_display": "0", "missing_lines": 129, "excluded_lines": 0}, "missing_lines": [9, 10, 11, 12, 13, 14, 15, 16, 17, 18, 19, 20, 21, 22, 23, 25, 26, 27, 28, 29, 31, 32, 35, 38, 39, 40, 41, 44, 47, 48, 49, 50, 53, 56, 57, 58, 59, 60, 61, 64, 65, 68, 69, 70, 71, 72, 73, 74, 75, 76, 77, 80, 81, 84, 85, 86, 87, 88, 89, 90, 91, 94, 97, 101, 107, 111, 137, 140, 146, 160, 169, 172, 176, 185, 195, 198, 202, 206, 216, 220, 226, 233, 236, 246, 255, 259, 281, 303, 330, 370, 407, 429, 443, 480, 483, 493, 497, 518, 546, 559, 585, 593, 632, 643, 695, 740, 794, 837, 847, 869, 878, 889, 909, 937, 952, 975, 979, 983, 987, 1005, 1012, 1040, 1063, 1066, 1082, 1087, 1096, 1104, 1112], "excluded_lines": []}}, "classes": {"ConfigEnvironment": {"executed_lines": [], "summary": {"covered_lines": 0, "num_statements": 0, "percent_covered": 100.0, "percent_covered_display": "100", "missing_lines": 0, "excluded_lines": 0}, "missing_lines": [], "excluded_lines": []}, "ConfigFormat": {"executed_lines": [], "summary": {"covered_lines": 0, "num_statements": 0, "percent_covered": 100.0, "percent_covered_display": "100", "missing_lines": 0, "excluded_lines": 0}, "missing_lines": [], "excluded_lines": []}, "ConfigSource": {"executed_lines": [], "summary": {"covered_lines": 0, "num_statements": 0, "percent_covered": 100.0, "percent_covered_display": "100", "missing_lines": 0, "excluded_lines": 0}, "missing_lines": [], "excluded_lines": []}, "ConfigMetadata": {"executed_lines": [], "summary": {"covered_lines": 0, "num_statements": 0, "percent_covered": 100.0, "percent_covered_display": "100", "missing_lines": 0, "excluded_lines": 0}, "missing_lines": [], "excluded_lines": []}, "ConfigChange": {"executed_lines": [], "summary": {"covered_lines": 0, "num_statements": 0, "percent_covered": 100.0, "percent_covered_display": "100", "missing_lines": 0, "excluded_lines": 0}, "missing_lines": [], "excluded_lines": []}, "ConfigValidator": {"executed_lines": [], "summary": {"covered_lines": 0, "num_statements": 20, "percent_covered": 0.0, "percent_covered_display": "0", "missing_lines": 20, "excluded_lines": 0}, "missing_lines": [98, 99, 105, 109, 113, 116, 117, 118, 119, 120, 121, 122, 125, 126, 127, 128, 130, 131, 132, 134], "excluded_lines": []}, "ConfigWatcher": {"executed_lines": [], "summary": {"covered_lines": 0, "num_statements": 18, "percent_covered": 0.0, "percent_covered_display": "0", "missing_lines": 18, "excluded_lines": 0}, "missing_lines": [141, 142, 143, 144, 148, 149, 151, 152, 153, 154, 156, 157, 158, 162, 163, 164, 165, 166], "excluded_lines": []}, "ConfigFileHandler": {"executed_lines": [], "summary": {"covered_lines": 0, "num_statements": 12, "percent_covered": 0.0, "percent_covered_display": "0", "missing_lines": 12, "excluded_lines": 0}, "missing_lines": [173, 174, 178, 179, 181, 182, 183, 187, 188, 190, 191, 192], "excluded_lines": []}, "ConfigurationStore": {"executed_lines": [], "summary": {"covered_lines": 0, "num_statements": 2, "percent_covered": 0.0, "percent_covered_display": "0", "missing_lines": 2, "excluded_lines": 5}, "missing_lines": [199, 200], "excluded_lines": [204, 214, 218, 224, 230]}, "FileConfigurationStore": {"executed_lines": [], "summary": {"covered_lines": 0, "num_statements": 125, "percent_covered": 0.0, "percent_covered_display": "0", "missing_lines": 125, "excluded_lines": 0}, "missing_lines": [237, 238, 239, 242, 243, 244, 252, 253, 257, 261, 262, 263, 265, 266, 267, 268, 269, 270, 272, 274, 276, 277, 278, 279, 283, 284, 286, 287, 288, 289, 290, 291, 293, 295, 297, 298, 300, 301, 305, 307, 308, 309, 312, 313, 316, 317, 318, 319, 320, 322, 325, 326, 328, 338, 339, 340, 343, 344, 347, 348, 349, 350, 353, 356, 359, 360, 361, 362, 364, 366, 367, 368, 372, 373, 374, 377, 378, 381, 382, 383, 384, 387, 388, 391, 394, 395, 396, 397, 399, 401, 403, 404, 405, 411, 413, 415, 416, 417, 418, 421, 422, 424, 425, 427, 431, 433, 434, 436, 437, 439, 441, 447, 449, 450, 451, 454, 455, 456, 459, 460, 462, 472, 473, 475, 477], "excluded_lines": []}, "EtcdConfigurationStore": {"executed_lines": [], "summary": {"covered_lines": 0, "num_statements": 42, "percent_covered": 0.0, "percent_covered_display": "0", "missing_lines": 42, "excluded_lines": 0}, "missing_lines": [484, 485, 491, 495, 499, 500, 501, 505, 506, 509, 510, 511, 512, 514, 515, 516, 526, 527, 530, 531, 533, 536, 540, 542, 543, 544, 548, 549, 550, 553, 555, 556, 557, 563, 564, 565, 567, 569, 578, 580, 581, 582], "excluded_lines": []}, "ConfigurationService": {"executed_lines": [], "summary": {"covered_lines": 0, "num_statements": 209, "percent_covered": 0.0, "percent_covered_display": "0", "missing_lines": 209, "excluded_lines": 0}, "missing_lines": [595, 596, 599, 602, 605, 606, 609, 610, 613, 614, 617, 618, 621, 624, 625, 626, 628, 634, 636, 637, 638, 639, 641, 647, 648, 650, 659, 661, 662, 665, 666, 668, 671, 673, 676, 677, 678, 679, 680, 681, 683, 686, 687, 688, 689, 690, 692, 693, 703, 706, 707, 708, 709, 710, 711, 712, 715, 718, 719, 721, 723, 724, 726, 729, 730, 731, 732, 734, 736, 737, 738, 749, 751, 753, 754, 757, 760, 771, 773, 775, 778, 779, 780, 783, 785, 786, 788, 790, 791, 792, 802, 804, 806, 808, 809, 812, 814, 816, 821, 822, 823, 826, 828, 829, 831, 833, 834, 835, 841, 842, 843, 844, 845, 851, 852, 854, 855, 857, 859, 860, 861, 863, 865, 866, 867, 871, 872, 873, 874, 876, 880, 881, 882, 883, 884, 885, 886, 887, 891, 893, 894, 895, 896, 901, 902, 903, 905, 906, 907, 919, 930, 931, 934, 935, 941, 942, 945, 946, 949, 950, 954, 956, 957, 958, 960, 962, 965, 966, 968, 970, 971, 977, 981, 985, 989, 991, 992, 994, 995, 996, 997, 998, 1000, 1001, 1003, 1009, 1010, 1019, 1020, 1022, 1024, 1025, 1026, 1027, 1029, 1030, 1031, 1032, 1033, 1034, 1036, 1038, 1042, 1043, 1045, 1046, 1048, 1049, 1051], "excluded_lines": []}, "": {"executed_lines": [], "summary": {"covered_lines": 0, "num_statements": 151, "percent_covered": 0.0, "percent_covered_display": "0", "missing_lines": 151, "excluded_lines": 0}, "missing_lines": [9, 10, 11, 12, 13, 14, 15, 16, 17, 18, 19, 20, 21, 22, 23, 25, 26, 27, 28, 29, 31, 32, 35, 38, 39, 40, 41, 44, 47, 48, 49, 50, 53, 56, 57, 58, 59, 60, 61, 64, 65, 68, 69, 70, 71, 72, 73, 74, 75, 76, 77, 80, 81, 84, 85, 86, 87, 88, 89, 90, 91, 94, 97, 101, 107, 111, 137, 140, 146, 160, 169, 172, 176, 185, 195, 198, 202, 206, 216, 220, 226, 233, 236, 246, 255, 259, 281, 303, 330, 370, 407, 429, 443, 480, 483, 493, 497, 518, 546, 559, 585, 593, 632, 643, 695, 740, 794, 837, 847, 869, 878, 889, 909, 937, 952, 975, 979, 983, 987, 1005, 1012, 1040, 1063, 1066, 1070, 1071, 1074, 1075, 1076, 1077, 1079, 1082, 1084, 1087, 1090, 1091, 1092, 1096, 1098, 1099, 1100, 1101, 1104, 1106, 1107, 1108, 1109, 1112, 1114, 1115, 1116], "excluded_lines": []}}}, "core/config_validator.py": {"executed_lines": [], "summary": {"covered_lines": 0, "num_statements": 194, "percent_covered": 0.0, "percent_covered_display": "0", "missing_lines": 194, "excluded_lines": 9}, "missing_lines": [6, 7, 8, 9, 10, 11, 12, 13, 15, 18, 21, 22, 23, 26, 27, 30, 31, 32, 33, 36, 41, 42, 43, 44, 46, 55, 58, 59, 60, 61, 62, 63, 64, 65, 66, 67, 70, 73, 75, 77, 79, 81, 82, 91, 92, 93, 102, 104, 107, 108, 109, 110, 119, 120, 121, 131, 133, 134, 135, 145, 146, 147, 156, 158, 160, 161, 169, 171, 172, 182, 183, 192, 194, 196, 198, 199, 209, 210, 220, 221, 222, 230, 231, 241, 242, 243, 253, 254, 263, 265, 267, 268, 276, 277, 285, 286, 287, 296, 298, 300, 302, 303, 313, 314, 315, 324, 326, 328, 330, 331, 332, 342, 343, 353, 354, 363, 365, 367, 368, 369, 379, 381, 383, 385, 386, 387, 397, 398, 399, 408, 410, 412, 413, 414, 424, 425, 426, 428, 429, 437, 438, 446, 448, 450, 451, 453, 454, 455, 457, 462, 464, 473, 475, 476, 477, 479, 480, 481, 484, 485, 486, 488, 489, 490, 491, 492, 493, 494, 496, 497, 498, 499, 500, 501, 502, 504, 505, 506, 507, 508, 509, 510, 512, 515, 526, 528, 529, 532, 533, 536, 538, 540, 541, 542], "excluded_lines": [545, 546, 548, 549, 550, 552, 553, 555, 556], "functions": {"ConfigValidator.__init__": {"executed_lines": [], "summary": {"covered_lines": 0, "num_statements": 3, "percent_covered": 0.0, "percent_covered_display": "0", "missing_lines": 3, "excluded_lines": 0}, "missing_lines": [42, 43, 44], "excluded_lines": []}, "ConfigValidator.validate_config": {"executed_lines": [], "summary": {"covered_lines": 0, "num_statements": 14, "percent_covered": 0.0, "percent_covered_display": "0", "missing_lines": 14, "excluded_lines": 0}, "missing_lines": [55, 58, 59, 60, 61, 62, 63, 64, 65, 66, 67, 70, 73, 75], "excluded_lines": []}, "ConfigValidator._validate_environment": {"executed_lines": [], "summary": {"covered_lines": 0, "num_statements": 6, "percent_covered": 0.0, "percent_covered_display": "0", "missing_lines": 6, "excluded_lines": 0}, "missing_lines": [79, 81, 82, 91, 92, 93], "excluded_lines": []}, "ConfigValidator._validate_database": {"executed_lines": [], "summary": {"covered_lines": 0, "num_statements": 15, "percent_covered": 0.0, "percent_covered_display": "0", "missing_lines": 15, "excluded_lines": 0}, "missing_lines": [104, 107, 108, 109, 110, 119, 120, 121, 131, 133, 134, 135, 145, 146, 147], "excluded_lines": []}, "ConfigValidator._validate_redis": {"executed_lines": [], "summary": {"covered_lines": 0, "num_statements": 8, "percent_covered": 0.0, "percent_covered_display": "0", "missing_lines": 8, "excluded_lines": 0}, "missing_lines": [158, 160, 161, 169, 171, 172, 182, 183], "excluded_lines": []}, "ConfigValidator._validate_security": {"executed_lines": [], "summary": {"covered_lines": 0, "num_statements": 16, "percent_covered": 0.0, "percent_covered_display": "0", "missing_lines": 16, "excluded_lines": 0}, "missing_lines": [194, 196, 198, 199, 209, 210, 220, 221, 222, 230, 231, 241, 242, 243, 253, 254], "excluded_lines": []}, "ConfigValidator._validate_monitoring": {"executed_lines": [], "summary": {"covered_lines": 0, "num_statements": 8, "percent_covered": 0.0, "percent_covered_display": "0", "missing_lines": 8, "excluded_lines": 0}, "missing_lines": [265, 267, 268, 276, 277, 285, 286, 287], "excluded_lines": []}, "ConfigValidator._validate_performance": {"executed_lines": [], "summary": {"covered_lines": 0, "num_statements": 7, "percent_covered": 0.0, "percent_covered_display": "0", "missing_lines": 7, "excluded_lines": 0}, "missing_lines": [298, 300, 302, 303, 313, 314, 315], "excluded_lines": []}, "ConfigValidator._validate_logging": {"executed_lines": [], "summary": {"covered_lines": 0, "num_statements": 9, "percent_covered": 0.0, "percent_covered_display": "0", "missing_lines": 9, "excluded_lines": 0}, "missing_lines": [326, 328, 330, 331, 332, 342, 343, 353, 354], "excluded_lines": []}, "ConfigValidator._validate_secrets": {"executed_lines": [], "summary": {"covered_lines": 0, "num_statements": 5, "percent_covered": 0.0, "percent_covered_display": "0", "missing_lines": 5, "excluded_lines": 0}, "missing_lines": [365, 367, 368, 369, 379], "excluded_lines": []}, "ConfigValidator._validate_rate_limiting": {"executed_lines": [], "summary": {"covered_lines": 0, "num_statements": 7, "percent_covered": 0.0, "percent_covered_display": "0", "missing_lines": 7, "excluded_lines": 0}, "missing_lines": [383, 385, 386, 387, 397, 398, 399], "excluded_lines": []}, "ConfigValidator._validate_tls": {"executed_lines": [], "summary": {"covered_lines": 0, "num_statements": 11, "percent_covered": 0.0, "percent_covered_display": "0", "missing_lines": 11, "excluded_lines": 0}, "missing_lines": [410, 412, 413, 414, 424, 425, 426, 428, 429, 437, 438], "excluded_lines": []}, "ConfigValidator._check_hardcoded_secrets": {"executed_lines": [], "summary": {"covered_lines": 0, "num_statements": 9, "percent_covered": 0.0, "percent_covered_display": "0", "missing_lines": 9, "excluded_lines": 0}, "missing_lines": [448, 450, 451, 453, 454, 455, 457, 462, 464], "excluded_lines": []}, "ConfigValidator.print_report": {"executed_lines": [], "summary": {"covered_lines": 0, "num_statements": 31, "percent_covered": 0.0, "percent_covered_display": "0", "missing_lines": 31, "excluded_lines": 0}, "missing_lines": [475, 476, 477, 479, 480, 481, 484, 485, 486, 488, 489, 490, 491, 492, 493, 494, 496, 497, 498, 499, 500, 501, 502, 504, 505, 506, 507, 508, 509, 510, 512], "excluded_lines": []}, "validate_config_file": {"executed_lines": [], "summary": {"covered_lines": 0, "num_statements": 10, "percent_covered": 0.0, "percent_covered_display": "0", "missing_lines": 10, "excluded_lines": 0}, "missing_lines": [526, 528, 529, 532, 533, 536, 538, 540, 541, 542], "excluded_lines": []}, "": {"executed_lines": [], "summary": {"covered_lines": 0, "num_statements": 35, "percent_covered": 0.0, "percent_covered_display": "0", "missing_lines": 35, "excluded_lines": 9}, "missing_lines": [6, 7, 8, 9, 10, 11, 12, 13, 15, 18, 21, 22, 23, 26, 27, 30, 31, 32, 33, 36, 41, 46, 77, 102, 156, 192, 263, 296, 324, 363, 381, 408, 446, 473, 515], "excluded_lines": [545, 546, 548, 549, 550, 552, 553, 555, 556]}}, "classes": {"ValidationSeverity": {"executed_lines": [], "summary": {"covered_lines": 0, "num_statements": 0, "percent_covered": 100.0, "percent_covered_display": "100", "missing_lines": 0, "excluded_lines": 0}, "missing_lines": [], "excluded_lines": []}, "ValidationIssue": {"executed_lines": [], "summary": {"covered_lines": 0, "num_statements": 0, "percent_covered": 100.0, "percent_covered_display": "100", "missing_lines": 0, "excluded_lines": 0}, "missing_lines": [], "excluded_lines": []}, "ConfigValidator": {"executed_lines": [], "summary": {"covered_lines": 0, "num_statements": 149, "percent_covered": 0.0, "percent_covered_display": "0", "missing_lines": 149, "excluded_lines": 0}, "missing_lines": [42, 43, 44, 55, 58, 59, 60, 61, 62, 63, 64, 65, 66, 67, 70, 73, 75, 79, 81, 82, 91, 92, 93, 104, 107, 108, 109, 110, 119, 120, 121, 131, 133, 134, 135, 145, 146, 147, 158, 160, 161, 169, 171, 172, 182, 183, 194, 196, 198, 199, 209, 210, 220, 221, 222, 230, 231, 241, 242, 243, 253, 254, 265, 267, 268, 276, 277, 285, 286, 287, 298, 300, 302, 303, 313, 314, 315, 326, 328, 330, 331, 332, 342, 343, 353, 354, 365, 367, 368, 369, 379, 383, 385, 386, 387, 397, 398, 399, 410, 412, 413, 414, 424, 425, 426, 428, 429, 437, 438, 448, 450, 451, 453, 454, 455, 457, 462, 464, 475, 476, 477, 479, 480, 481, 484, 485, 486, 488, 489, 490, 491, 492, 493, 494, 496, 497, 498, 499, 500, 501, 502, 504, 505, 506, 507, 508, 509, 510, 512], "excluded_lines": []}, "": {"executed_lines": [], "summary": {"covered_lines": 0, "num_statements": 45, "percent_covered": 0.0, "percent_covered_display": "0", "missing_lines": 45, "excluded_lines": 9}, "missing_lines": [6, 7, 8, 9, 10, 11, 12, 13, 15, 18, 21, 22, 23, 26, 27, 30, 31, 32, 33, 36, 41, 46, 77, 102, 156, 192, 263, 296, 324, 363, 381, 408, 446, 473, 515, 526, 528, 529, 532, 533, 536, 538, 540, 541, 542], "excluded_lines": [545, 546, 548, 549, 550, 552, 553, 555, 556]}}}, "core/dependency_manager.py": {"executed_lines": [1, 7, 8, 9, 10, 11, 12, 14, 17, 18, 20, 21, 22, 23, 26, 27, 28, 30, 31, 32, 33, 34, 35, 36, 37, 40, 41, 47, 63, 77, 89, 91, 92, 94, 96, 102, 103, 105, 115, 117, 120, 121, 122, 123, 124, 125, 126, 128, 131, 132, 133, 134, 135, 137, 138, 140, 141, 145, 146, 147, 149, 150, 152, 155, 156, 157, 158, 165, 167, 177, 181, 184, 185, 186, 187, 192, 201, 208, 220, 221, 223, 224, 226, 227, 228, 230, 231, 232, 233, 235, 237, 249, 262, 275, 288, 307, 365, 400, 403, 411], "summary": {"covered_lines": 96, "num_statements": 173, "percent_covered": 55.49132947976879, "percent_covered_display": "55", "missing_lines": 77, "excluded_lines": 0}, "missing_lines": [160, 161, 162, 163, 182, 203, 204, 206, 247, 259, 260, 269, 282, 295, 297, 298, 300, 305, 314, 315, 316, 317, 320, 321, 322, 323, 324, 325, 328, 331, 332, 334, 337, 338, 339, 340, 341, 342, 345, 349, 350, 353, 354, 355, 357, 358, 359, 361, 363, 372, 373, 375, 376, 378, 379, 381, 382, 383, 384, 385, 387, 388, 389, 390, 391, 393, 394, 396, 406, 407, 408, 418, 419, 421, 422, 423, 425], "excluded_lines": [], "functions": {"DependencyManager.__init__": {"executed_lines": [91, 92], "summary": {"covered_lines": 2, "num_statements": 2, "percent_covered": 100.0, "percent_covered_display": "100", "missing_lines": 0, "excluded_lines": 0}, "missing_lines": [], "excluded_lines": []}, "DependencyManager._check_all_dependencies": {"executed_lines": [96, 102, 103], "summary": {"covered_lines": 3, "num_statements": 3, "percent_covered": 100.0, "percent_covered_display": "100", "missing_lines": 0, "excluded_lines": 0}, "missing_lines": [], "excluded_lines": []}, "DependencyManager._check_dependency": {"executed_lines": [115, 117, 120, 121, 122, 123, 124, 125, 126, 128, 131, 132, 133, 134, 135, 137, 138, 140, 141, 145, 146, 147, 149, 150, 152, 155, 156, 157, 158, 165], "summary": {"covered_lines": 30, "num_statements": 34, "percent_covered": 88.23529411764706, "percent_covered_display": "88", "missing_lines": 4, "excluded_lines": 0}, "missing_lines": [160, 161, 162, 163], "excluded_lines": []}, "DependencyManager._try_fallback": {"executed_lines": [177, 181, 184, 185, 186, 187, 192, 201], "summary": {"covered_lines": 8, "num_statements": 12, "percent_covered": 66.66666666666667, "percent_covered_display": "67", "missing_lines": 4, "excluded_lines": 0}, "missing_lines": [182, 203, 204, 206], "excluded_lines": []}, "DependencyManager._compare_versions": {"executed_lines": [220, 223, 224, 226, 227, 228, 230, 231, 232, 233, 235], "summary": {"covered_lines": 11, "num_statements": 11, "percent_covered": 100.0, "percent_covered_display": "100", "missing_lines": 0, "excluded_lines": 0}, "missing_lines": [], "excluded_lines": []}, "DependencyManager._compare_versions.normalize": {"executed_lines": [221], "summary": {"covered_lines": 1, "num_statements": 1, "percent_covered": 100.0, "percent_covered_display": "100", "missing_lines": 0, "excluded_lines": 0}, "missing_lines": [], "excluded_lines": []}, "DependencyManager.get_status": {"executed_lines": [], "summary": {"covered_lines": 0, "num_statements": 1, "percent_covered": 0.0, "percent_covered_display": "0", "missing_lines": 1, "excluded_lines": 0}, "missing_lines": [247], "excluded_lines": []}, "DependencyManager.is_available": {"executed_lines": [], "summary": {"covered_lines": 0, "num_statements": 2, "percent_covered": 0.0, "percent_covered_display": "0", "missing_lines": 2, "excluded_lines": 0}, "missing_lines": [259, 260], "excluded_lines": []}, "DependencyManager.get_missing_required": {"executed_lines": [], "summary": {"covered_lines": 0, "num_statements": 1, "percent_covered": 0.0, "percent_covered_display": "0", "missing_lines": 1, "excluded_lines": 0}, "missing_lines": [269], "excluded_lines": []}, "DependencyManager.get_missing_optional": {"executed_lines": [], "summary": {"covered_lines": 0, "num_statements": 1, "percent_covered": 0.0, "percent_covered_display": "0", "missing_lines": 1, "excluded_lines": 0}, "missing_lines": [282], "excluded_lines": []}, "DependencyManager.validate_installation": {"executed_lines": [], "summary": {"covered_lines": 0, "num_statements": 5, "percent_covered": 0.0, "percent_covered_display": "0", "missing_lines": 5, "excluded_lines": 0}, "missing_lines": [295, 297, 298, 300, 305], "excluded_lines": []}, "DependencyManager.get_installation_report": {"executed_lines": [], "summary": {"covered_lines": 0, "num_statements": 31, "percent_covered": 0.0, "percent_covered_display": "0", "missing_lines": 31, "excluded_lines": 0}, "missing_lines": [314, 315, 316, 317, 320, 321, 322, 323, 324, 325, 328, 331, 332, 334, 337, 338, 339, 340, 341, 342, 345, 349, 350, 353, 354, 355, 357, 358, 359, 361, 363], "excluded_lines": []}, "DependencyManager.install_instructions": {"executed_lines": [], "summary": {"covered_lines": 0, "num_statements": 19, "percent_covered": 0.0, "percent_covered_display": "0", "missing_lines": 19, "excluded_lines": 0}, "missing_lines": [372, 373, 375, 376, 378, 379, 381, 382, 383, 384, 385, 387, 388, 389, 390, 391, 393, 394, 396], "excluded_lines": []}, "get_dependency_manager": {"executed_lines": [], "summary": {"covered_lines": 0, "num_statements": 3, "percent_covered": 0.0, "percent_covered_display": "0", "missing_lines": 3, "excluded_lines": 0}, "missing_lines": [406, 407, 408], "excluded_lines": []}, "check_dependencies": {"executed_lines": [], "summary": {"covered_lines": 0, "num_statements": 6, "percent_covered": 0.0, "percent_covered_display": "0", "missing_lines": 6, "excluded_lines": 0}, "missing_lines": [418, 419, 421, 422, 423, 425], "excluded_lines": []}, "": {"executed_lines": [1, 7, 8, 9, 10, 11, 12, 14, 17, 18, 20, 21, 22, 23, 26, 27, 28, 30, 31, 32, 33, 34, 35, 36, 37, 40, 41, 47, 63, 77, 89, 94, 105, 167, 208, 237, 249, 262, 275, 288, 307, 365, 400, 403, 411], "summary": {"covered_lines": 41, "num_statements": 41, "percent_covered": 100.0, "percent_covered_display": "100", "missing_lines": 0, "excluded_lines": 0}, "missing_lines": [], "excluded_lines": []}}, "classes": {"DependencyStatus": {"executed_lines": [], "summary": {"covered_lines": 0, "num_statements": 0, "percent_covered": 100.0, "percent_covered_display": "100", "missing_lines": 0, "excluded_lines": 0}, "missing_lines": [], "excluded_lines": []}, "DependencyInfo": {"executed_lines": [], "summary": {"covered_lines": 0, "num_statements": 0, "percent_covered": 100.0, "percent_covered_display": "100", "missing_lines": 0, "excluded_lines": 0}, "missing_lines": [], "excluded_lines": []}, "DependencyManager": {"executed_lines": [91, 92, 96, 102, 103, 115, 117, 120, 121, 122, 123, 124, 125, 126, 128, 131, 132, 133, 134, 135, 137, 138, 140, 141, 145, 146, 147, 149, 150, 152, 155, 156, 157, 158, 165, 177, 181, 184, 185, 186, 187, 192, 201, 220, 221, 223, 224, 226, 227, 228, 230, 231, 232, 233, 235], "summary": {"covered_lines": 55, "num_statements": 123, "percent_covered": 44.71544715447155, "percent_covered_display": "45", "missing_lines": 68, "excluded_lines": 0}, "missing_lines": [160, 161, 162, 163, 182, 203, 204, 206, 247, 259, 260, 269, 282, 295, 297, 298, 300, 305, 314, 315, 316, 317, 320, 321, 322, 323, 324, 325, 328, 331, 332, 334, 337, 338, 339, 340, 341, 342, 345, 349, 350, 353, 354, 355, 357, 358, 359, 361, 363, 372, 373, 375, 376, 378, 379, 381, 382, 383, 384, 385, 387, 388, 389, 390, 391, 393, 394, 396], "excluded_lines": []}, "": {"executed_lines": [1, 7, 8, 9, 10, 11, 12, 14, 17, 18, 20, 21, 22, 23, 26, 27, 28, 30, 31, 32, 33, 34, 35, 36, 37, 40, 41, 47, 63, 77, 89, 94, 105, 167, 208, 237, 249, 262, 275, 288, 307, 365, 400, 403, 411], "summary": {"covered_lines": 41, "num_statements": 50, "percent_covered": 82.0, "percent_covered_display": "82", "missing_lines": 9, "excluded_lines": 0}, "missing_lines": [406, 407, 408, 418, 419, 421, 422, 423, 425], "excluded_lines": []}}}, "core/engine.py": {"executed_lines": [1, 8, 9, 10, 11, 12, 13, 15, 16, 17, 19, 20, 29, 30, 31, 32, 33, 34], "summary": {"covered_lines": 17, "num_statements": 285, "percent_covered": 5.964912280701754, "percent_covered_display": "6", "missing_lines": 268, "excluded_lines": 6}, "missing_lines": [35, 43, 46, 49, 50, 53, 56, 57, 58, 59, 60
[...]
xcluded_lines": 0}, "missing_lines": [172, 173, 175, 177, 179, 180, 181, 182, 183, 186, 202, 213, 214, 217, 218, 221, 226, 228, 229, 230], "excluded_lines": []}, "SentryErrorTracker.capture_exception": {"executed_lines": [], "summary": {"covered_lines": 0, "num_statements": 15, "percent_covered": 0.0, "percent_covered_display": "0", "missing_lines": 15, "excluded_lines": 0}, "missing_lines": [251, 252, 254, 255, 257, 258, 259, 262, 263, 266, 269, 270, 272, 273, 274], "excluded_lines": []}, "SentryErrorTracker.add_breadcrumb": {"executed_lines": [], "summary": {"covered_lines": 0, "num_statements": 6, "percent_covered": 0.0, "percent_covered_display": "0", "missing_lines": 6, "excluded_lines": 0}, "missing_lines": [292, 293, 295, 296, 299, 300], "excluded_lines": []}, "SentryErrorTracker.set_user": {"executed_lines": [], "summary": {"covered_lines": 0, "num_statements": 6, "percent_covered": 0.0, "percent_covered_display": "0", "missing_lines": 6, "excluded_lines": 0}, "missing_lines": [318, 319, 321, 322, 330, 331], "excluded_lines": []}, "SentryErrorTracker.set_tag": {"executed_lines": [], "summary": {"covered_lines": 0, "num_statements": 2, "percent_covered": 0.0, "percent_covered_display": "0", "missing_lines": 2, "excluded_lines": 0}, "missing_lines": [335, 336], "excluded_lines": []}, "SentryErrorTracker.set_context": {"executed_lines": [], "summary": {"covered_lines": 0, "num_statements": 2, "percent_covered": 0.0, "percent_covered_display": "0", "missing_lines": 2, "excluded_lines": 0}, "missing_lines": [340, 341], "excluded_lines": []}, "SentryErrorTracker.start_transaction": {"executed_lines": [], "summary": {"covered_lines": 0, "num_statements": 3, "percent_covered": 0.0, "percent_covered_display": "0", "missing_lines": 3, "excluded_lines": 0}, "missing_lines": [354, 355, 357], "excluded_lines": []}, "SentryErrorTracker._severity_to_sentry_level": {"executed_lines": [], "summary": {"covered_lines": 0, "num_statements": 2, "percent_covered": 0.0, "percent_covered_display": "0", "missing_lines": 2, "excluded_lines": 0}, "missing_lines": [361, 367], "excluded_lines": []}, "SentryErrorTracker.flush": {"executed_lines": [], "summary": {"covered_lines": 0, "num_statements": 2, "percent_covered": 0.0, "percent_covered_display": "0", "missing_lines": 2, "excluded_lines": 0}, "missing_lines": [376, 377], "excluded_lines": []}, "SentryErrorTracker.close": {"executed_lines": [], "summary": {"covered_lines": 0, "num_statements": 4, "percent_covered": 0.0, "percent_covered_display": "0", "missing_lines": 4, "excluded_lines": 0}, "missing_lines": [381, 382, 383, 384], "excluded_lines": []}, "get_sentry_tracker": {"executed_lines": [], "summary": {"covered_lines": 0, "num_statements": 4, "percent_covered": 0.0, "percent_covered_display": "0", "missing_lines": 4, "excluded_lines": 0}, "missing_lines": [399, 400, 405, 407], "excluded_lines": []}, "initialize_sentry": {"executed_lines": [], "summary": {"covered_lines": 0, "num_statements": 2, "percent_covered": 0.0, "percent_covered_display": "0", "missing_lines": 2, "excluded_lines": 0}, "missing_lines": [426, 427], "excluded_lines": []}, "": {"executed_lines": [], "summary": {"covered_lines": 0, "num_statements": 30, "percent_covered": 0.0, "percent_covered_display": "0", "missing_lines": 30, "excluded_lines": 0}, "missing_lines": [6, 7, 8, 9, 10, 11, 12, 13, 14, 16, 17, 19, 22, 27, 57, 114, 141, 162, 232, 276, 302, 333, 338, 343, 359, 369, 379, 388, 391, 410], "excluded_lines": []}}, "classes": {"SentryErrorTracker": {"executed_lines": [], "summary": {"covered_lines": 0, "num_statements": 96, "percent_covered": 0.0, "percent_covered_display": "0", "missing_lines": 96, "excluded_lines": 0}, "missing_lines": [47, 48, 49, 50, 51, 52, 53, 55, 64, 65, 66, 68, 70, 76, 103, 104, 106, 107, 108, 110, 111, 112, 128, 129, 130, 133, 134, 135, 136, 137, 139, 155, 158, 160, 172, 173, 175, 177, 179, 180, 181, 182, 183, 186, 202, 213, 214, 217, 218, 221, 226, 228, 229, 230, 251, 252, 254, 255, 257, 258, 259, 262, 263, 266, 269, 270, 272, 273, 274, 292, 293, 295, 296, 299, 300, 318, 319, 321, 322, 330, 331, 335, 336, 340, 341, 354, 355, 357, 361, 367, 376, 377, 381, 382, 383, 384], "excluded_lines": []}, "": {"executed_lines": [], "summary": {"covered_lines": 0, "num_statements": 36, "percent_covered": 0.0, "percent_covered_display": "0", "missing_lines": 36, "excluded_lines": 0}, "missing_lines": [6, 7, 8, 9, 10, 11, 12, 13, 14, 16, 17, 19, 22, 27, 57, 114, 141, 162, 232, 276, 302, 333, 338, 343, 359, 369, 379, 388, 391, 399, 400, 405, 407, 410, 426, 427], "excluded_lines": []}}}, "core/structured_logging.py": {"executed_lines": [], "summary": {"covered_lines": 0, "num_statements": 233, "percent_covered": 0.0, "percent_covered_display": "0", "missing_lines": 233, "excluded_lines": 0}, "missing_lines": [8, 9, 10, 11, 12, 13, 14, 15, 16, 17, 18, 19, 20, 21, 22, 23, 25, 28, 31, 32, 33, 34, 35, 36, 37, 38, 39, 42, 45, 46, 47, 48, 49, 50, 51, 52, 53, 54, 57, 58, 61, 62, 63, 64, 65, 66, 67, 68, 69, 71, 73, 75, 78, 79, 82, 83, 84, 85, 86, 87, 88, 89, 90, 91, 93, 95, 108, 109, 111, 112, 120, 121, 123, 125, 127, 130, 133, 134, 135, 137, 140, 141, 142, 143, 146, 159, 162, 165, 166, 167, 168, 170, 171, 173, 175, 176, 178, 181, 182, 183, 184, 187, 188, 193, 206, 208, 209, 210, 211, 213, 221, 223, 224, 230, 233, 234, 236, 245, 246, 247, 249, 264, 273, 274, 276, 291, 299, 314, 317, 318, 320, 329, 331, 346, 356, 358, 374, 384, 386, 403, 406, 407, 408, 411, 412, 415, 416, 417, 420, 421, 423, 425, 426, 429, 430, 431, 434, 435, 436, 437, 440, 441, 443, 445, 446, 447, 449, 451, 452, 453, 455, 457, 458, 459, 461, 462, 464, 465, 466, 467, 469, 471, 485, 486, 489, 499, 511, 513, 514, 516, 518, 520, 522, 524, 526, 528, 530, 532, 534, 536, 538, 540, 542, 544, 547, 550, 551, 553, 554, 558, 559, 560, 561, 562, 564, 566, 567, 569, 572, 573, 574, 576, 577, 579, 583, 585, 589, 623, 625, 628, 631, 640, 641], "excluded_lines": [], "functions": {"LogContext.to_dict": {"executed_lines": [], "summary": {"covered_lines": 0, "num_statements": 2, "percent_covered": 0.0, "percent_covered_display": "0", "missing_lines": 2, "excluded_lines": 0}, "missing_lines": [73, 75], "excluded_lines": []}, "LogEvent.to_dict": {"executed_lines": [], "summary": {"covered_lines": 0, "num_statements": 8, "percent_covered": 0.0, "percent_covered_display": "0", "missing_lines": 8, "excluded_lines": 0}, "missing_lines": [95, 108, 109, 111, 112, 120, 121, 123], "excluded_lines": []}, "LogEvent.to_json": {"executed_lines": [], "summary": {"covered_lines": 0, "num_statements": 1, "percent_covered": 0.0, "percent_covered_display": "0", "missing_lines": 1, "excluded_lines": 0}, "missing_lines": [127], "excluded_lines": []}, "StructuredFormatter.__init__": {"executed_lines": [], "summary": {"covered_lines": 0, "num_statements": 2, "percent_covered": 0.0, "percent_covered_display": "0", "missing_lines": 2, "excluded_lines": 0}, "missing_lines": [134, 135], "excluded_lines": []}, "StructuredFormatter.format": {"executed_lines": [], "summary": {"covered_lines": 0, "num_statements": 6, "percent_covered": 0.0, "percent_covered_display": "0", "missing_lines": 6, "excluded_lines": 0}, "missing_lines": [140, 141, 142, 143, 146, 159], "excluded_lines": []}, "PerformanceLogger.__init__": {"executed_lines": [], "summary": {"covered_lines": 0, "num_statements": 3, "percent_covered": 0.0, "percent_covered_display": "0", "missing_lines": 3, "excluded_lines": 0}, "missing_lines": [166, 167, 168], "excluded_lines": []}, "PerformanceLogger.time_operation": {"executed_lines": [], "summary": {"covered_lines": 0, "num_statements": 11, "percent_covered": 0.0, "percent_covered_display": "0", "missing_lines": 11, "excluded_lines": 0}, "missing_lines": [173, 175, 176, 178, 181, 182, 183, 184, 187, 188, 193], "excluded_lines": []}, "PerformanceLogger.get_operation_stats": {"executed_lines": [], "summary": {"covered_lines": 0, "num_statements": 5, "percent_covered": 0.0, "percent_covered_display": "0", "missing_lines": 5, "excluded_lines": 0}, "missing_lines": [208, 209, 210, 211, 213], "excluded_lines": []}, "PerformanceLogger.get_all_stats": {"executed_lines": [], "summary": {"covered_lines": 0, "num_statements": 2, "percent_covered": 0.0, "percent_covered_display": "0", "missing_lines": 2, "excluded_lines": 0}, "missing_lines": [223, 224], "excluded_lines": []}, "SecurityLogger.__init__": {"executed_lines": [], "summary": {"covered_lines": 0, "num_statements": 1, "percent_covered": 0.0, "percent_covered_display": "0", "missing_lines": 1, "excluded_lines": 0}, "missing_lines": [234], "excluded_lines": []}, "SecurityLogger.log_authentication_attempt": {"executed_lines": [], "summary": {"covered_lines": 0, "num_statements": 4, "percent_covered": 0.0, "percent_covered_display": "0", "missing_lines": 4, "excluded_lines": 0}, "missing_lines": [245, 246, 247, 249], "excluded_lines": []}, "SecurityLogger.log_authorization_check": {"executed_lines": [], "summary": {"covered_lines": 0, "num_statements": 3, "percent_covered": 0.0, "percent_covered_display": "0", "missing_lines": 3, "excluded_lines": 0}, "missing_lines": [273, 274, 276], "excluded_lines": []}, "SecurityLogger.log_security_violation": {"executed_lines": [], "summary": {"covered_lines": 0, "num_statements": 1, "percent_covered": 0.0, "percent_covered_display": "0", "missing_lines": 1, "excluded_lines": 0}, "missing_lines": [299], "excluded_lines": []}, "AuditLogger.__init__": {"executed_lines": [], "summary": {"covered_lines": 0, "num_statements": 1, "percent_covered": 0.0, "percent_covered_display": "0", "missing_lines": 1, "excluded_lines": 0}, "missing_lines": [318], "excluded_lines": []}, "AuditLogger.log_data_access": {"executed_lines": [], "summary": {"covered_lines": 0, "num_statements": 2, "percent_covered": 0.0, "percent_covered_display": "0", "missing_lines": 2, "excluded_lines": 0}, "missing_lines": [329, 331], "excluded_lines": []}, "AuditLogger.log_configuration_change": {"executed_lines": [], "summary": {"covered_lines": 0, "num_statements": 2, "percent_covered": 0.0, "percent_covered_display": "0", "missing_lines": 2, "excluded_lines": 0}, "missing_lines": [356, 358], "excluded_lines": []}, "AuditLogger.log_model_training": {"executed_lines": [], "summary": {"covered_lines": 0, "num_statements": 2, "percent_covered": 0.0, "percent_covered_display": "0", "missing_lines": 2, "excluded_lines": 0}, "missing_lines": [384, 386], "excluded_lines": []}, "StructuredLogger.__init__": {"executed_lines": [], "summary": {"covered_lines": 0, "num_statements": 9, "percent_covered": 0.0, "percent_covered_display": "0", "missing_lines": 9, "excluded_lines": 0}, "missing_lines": [407, 408, 411, 412, 415, 416, 417, 420, 421], "excluded_lines": []}, "StructuredLogger._setup_logger": {"executed_lines": [], "summary": {"covered_lines": 0, "num_statements": 11, "percent_covered": 0.0, "percent_covered_display": "0", "missing_lines": 11, "excluded_lines": 0}, "missing_lines": [425, 426, 429, 430, 431, 434, 435, 436, 437, 440, 441], "excluded_lines": []}, "StructuredLogger.push_context": {"executed_lines": [], "summary": {"covered_lines": 0, "num_statements": 3, "percent_covered": 0.0, "percent_covered_display": "0", "missing_lines": 3, "excluded_lines": 0}, "missing_lines": [445, 446, 447], "excluded_lines": []}, "StructuredLogger.pop_context": {"executed_lines": [], "summary": {"covered_lines": 0, "num_statements": 3, "percent_covered": 0.0, "percent_covered_display": "0", "missing_lines": 3, "excluded_lines": 0}, "missing_lines": [451, 452, 453], "excluded_lines": []}, "StructuredLogger.get_current_context": {"executed_lines": [], "summary": {"covered_lines": 0, "num_statements": 3, "percent_covered": 0.0, "percent_covered_display": "0", "missing_lines": 3, "excluded_lines": 0}, "missing_lines": [457, 458, 459], "excluded_lines": []}, "StructuredLogger.context": {"executed_lines": [], "summary": {"covered_lines": 0, "num_statements": 5, "percent_covered": 0.0, "percent_covered_display": "0", "missing_lines": 5, "excluded_lines": 0}, "missing_lines": [464, 465, 466, 467, 469], "excluded_lines": []}, "StructuredLogger._log": {"executed_lines": [], "summary": {"covered_lines": 0, "num_statements": 8, "percent_covered": 0.0, "percent_covered_display": "0", "missing_lines": 8, "excluded_lines": 0}, "missing_lines": [485, 486, 489, 499, 511, 513, 514, 516], "excluded_lines": []}, "StructuredLogger.trace": {"executed_lines": [], "summary": {"covered_lines": 0, "num_statements": 1, "percent_covered": 0.0, "percent_covered_display": "0", "missing_lines": 1, "excluded_lines": 0}, "missing_lines": [520], "excluded_lines": []}, "StructuredLogger.debug": {"executed_lines": [], "summary": {"covered_lines": 0, "num_statements": 1, "percent_covered": 0.0, "percent_covered_display": "0", "missing_lines": 1, "excluded_lines": 0}, "missing_lines": [524], "excluded_lines": []}, "StructuredLogger.info": {"executed_lines": [], "summary": {"covered_lines": 0, "num_statements": 1, "percent_covered": 0.0, "percent_covered_display": "0", "missing_lines": 1, "excluded_lines": 0}, "missing_lines": [528], "excluded_lines": []}, "StructuredLogger.warn": {"executed_lines": [], "summary": {"covered_lines": 0, "num_statements": 1, "percent_covered": 0.0, "percent_covered_display": "0", "missing_lines": 1, "excluded_lines": 0}, "missing_lines": [532], "excluded_lines": []}, "StructuredLogger.warning": {"executed_lines": [], "summary": {"covered_lines": 0, "num_statements": 1, "percent_covered": 0.0, "percent_covered_display": "0", "missing_lines": 1, "excluded_lines": 0}, "missing_lines": [536], "excluded_lines": []}, "StructuredLogger.error": {"executed_lines": [], "summary": {"covered_lines": 0, "num_statements": 1, "percent_covered": 0.0, "percent_covered_display": "0", "missing_lines": 1, "excluded_lines": 0}, "missing_lines": [540], "excluded_lines": []}, "StructuredLogger.critical": {"executed_lines": [], "summary": {"covered_lines": 0, "num_statements": 1, "percent_covered": 0.0, "percent_covered_display": "0", "missing_lines": 1, "excluded_lines": 0}, "missing_lines": [544], "excluded_lines": []}, "LoggerFactory.get_logger": {"executed_lines": [], "summary": {"covered_lines": 0, "num_statements": 6, "percent_covered": 0.0, "percent_covered_display": "0", "missing_lines": 6, "excluded_lines": 0}, "missing_lines": [558, 559, 560, 561, 562, 564], "excluded_lines": []}, "LoggerFactory.configure_logging": {"executed_lines": [], "summary": {"covered_lines": 0, "num_statements": 4, "percent_covered": 0.0, "percent_covered_display": "0", "missing_lines": 4, "excluded_lines": 0}, "missing_lines": [569, 572, 573, 574], "excluded_lines": []}, "LoggerFactory.get_all_loggers": {"executed_lines": [], "summary": {"covered_lines": 0, "num_statements": 1, "percent_covered": 0.0, "percent_covered_display": "0", "missing_lines": 1, "excluded_lines": 0}, "missing_lines": [579], "excluded_lines": []}, "get_logger": {"executed_lines": [], "summary": {"covered_lines": 0, "num_statements": 1, "percent_covered": 0.0, "percent_covered_display": "0", "missing_lines": 1, "excluded_lines": 0}, "missing_lines": [585], "excluded_lines": []}, "configure_logging": {"executed_lines": [], "summary": {"covered_lines": 0, "num_statements": 3, "percent_covered": 0.0, "percent_covered_display": "0", "missing_lines": 3, "excluded_lines": 0}, "missing_lines": [625, 628, 631], "excluded_lines": []}, "": {"executed_lines": [], "summary": {"covered_lines": 0, "num_statements": 113, "percent_covered": 0.0, "percent_covered_display": "0", "missing_lines": 113, "excluded_lines": 0}, "missing_lines": [8, 9, 10, 11, 12, 13, 14, 15, 16, 17, 18, 19, 20, 21, 22, 23, 25, 28, 31, 32, 33, 34, 35, 36, 37, 38, 39, 42, 45, 46, 47, 48, 49, 50, 51, 52, 53, 54, 57, 58, 61, 62, 63, 64, 65, 66, 67, 68, 69, 71, 78, 79, 82, 83, 84, 85, 86, 87, 88, 89, 90, 91, 93, 125, 130, 133, 137, 162, 165, 170, 171, 206, 221, 230, 233, 236, 264, 291, 314, 317, 320, 346, 374, 403, 406, 423, 443, 449, 455, 461, 462, 471, 518, 522, 526, 530, 534, 538, 542, 547, 550, 551, 553, 554, 566, 567, 576, 577, 583, 589, 623, 640, 641], "excluded_lines": []}}, "classes": {"LogLevel": {"executed_lines": [], "summary": {"covered_lines": 0, "num_statements": 0, "percent_covered": 100.0, "percent_covered_display": "100", "missing_lines": 0, "excluded_lines": 0}, "missing_lines": [], "excluded_lines": []}, "LogCategory": {"executed_lines": [], "summary": {"covered_lines": 0, "num_statements": 0, "percent_covered": 100.0, "percent_covered_display": "100", "missing_lines": 0, "excluded_lines": 0}, "missing_lines": [], "excluded_lines": []}, "LogContext": {"executed_lines": [], "summary": {"covered_lines": 0, "num_statements": 2, "percent_covered": 0.0, "percent_covered_display": "0", "missing_lines": 2, "excluded_lines": 0}, "missing_lines": [73, 75], "excluded_lines": []}, "LogEvent": {"executed_lines": [], "summary": {"covered_lines": 0, "num_statements": 9, "percent_covered": 0.0, "percent_covered_display": "0", "missing_lines": 9, "excluded_lines": 0}, "missing_lines": [95, 108, 109, 111, 112, 120, 121, 123, 127], "excluded_lines": []}, "StructuredFormatter": {"executed_lines": [], "summary": {"covered_lines": 0, "num_statements": 8, "percent_covered": 0.0, "percent_covered_display": "0", "missing_lines": 8, "excluded_lines": 0}, "missing_lines": [134, 135, 140, 141, 142, 143, 146, 159], "excluded_lines": []}, "PerformanceLogger": {"executed_lines": [], "summary": {"covered_lines": 0, "num_statements": 21, "percent_covered": 0.0, "percent_covered_display": "0", "missing_lines": 21, "excluded_lines": 0}, "missing_lines": [166, 167, 168, 173, 175, 176, 178, 181, 182, 183, 184, 187, 188, 193, 208, 209, 210, 211, 213, 223, 224], "excluded_lines": []}, "SecurityLogger": {"executed_lines": [], "summary": {"covered_lines": 0, "num_statements": 9, "percent_covered": 0.0, "percent_covered_display": "0", "missing_lines": 9, "excluded_lines": 0}, "missing_lines": [234, 245, 246, 247, 249, 273, 274, 276, 299], "excluded_lines": []}, "AuditLogger": {"executed_lines": [], "summary": {"covered_lines": 0, "num_statements": 7, "percent_covered": 0.0, "percent_covered_display": "0", "missing_lines": 7, "excluded_lines": 0}, "missing_lines": [318, 329, 331, 356, 358, 384, 386], "excluded_lines": []}, "StructuredLogger": {"executed_lines": [], "summary": {"covered_lines": 0, "num_statements": 49, "percent_covered": 0.0, "percent_covered_display": "0", "missing_lines": 49, "excluded_lines": 0}, "missing_lines": [407, 408, 411, 412, 415, 416, 417, 420, 421, 425, 426, 429, 430, 431, 434, 435, 436, 437, 440, 441, 445, 446, 447, 451, 452, 453, 457, 458, 459, 464, 465, 466, 467, 469, 485, 486, 489, 499, 511, 513, 514, 516, 520, 524, 528, 532, 536, 540, 544], "excluded_lines": []}, "LoggerFactory": {"executed_lines": [], "summary": {"covered_lines": 0, "num_statements": 11, "percent_covered": 0.0, "percent_covered_display": "0", "missing_lines": 11, "excluded_lines": 0}, "missing_lines": [558, 559, 560, 561, 562, 564, 569, 572, 573, 574, 579], "excluded_lines": []}, "": {"executed_lines": [], "summary": {"covered_lines": 0, "num_statements": 117, "percent_covered": 0.0, "percent_covered_display": "0", "missing_lines": 117, "excluded_lines": 0}, "missing_lines": [8, 9, 10, 11, 12, 13, 14, 15, 16, 17, 18, 19, 20, 21, 22, 23, 25, 28, 31, 32, 33, 34, 35, 36, 37, 38, 39, 42, 45, 46, 47, 48, 49, 50, 51, 52, 53, 54, 57, 58, 61, 62, 63, 64, 65, 66, 67, 68, 69, 71, 78, 79, 82, 83, 84, 85, 86, 87, 88, 89, 90, 91, 93, 125, 130, 133, 137, 162, 165, 170, 171, 206, 221, 230, 233, 236, 264, 291, 314, 317, 320, 346, 374, 403, 406, 423, 443, 449, 455, 461, 462, 471, 518, 522, 526, 530, 534, 538, 542, 547, 550, 551, 553, 554, 566, 567, 576, 577, 583, 585, 589, 623, 625, 628, 631, 640, 641], "excluded_lines": []}}}}, "totals": {"covered_lines": 483, "num_statements": 3720, "percent_covered": 12.983870967741936, "percent_covered_display": "13", "missing_lines": 3237, "excluded_lines": 32}}